2024-12-01 16:51:31,341 - aiogram.dispatcher - INFO - Start polling
2024-12-01 16:51:31,559 - aiogram.dispatcher - INFO - Run polling for bot @safe_net_vpnbot id=7444575424 - 'safe_net_vpn'
2024-12-01 16:51:39,315 - aiogram.event - INFO - Update id=659304952 is handled. Duration 217 ms by bot id=7444575424
2024-12-01 16:51:40,677 - aiogram.event - INFO - Update id=659304953 is handled. Duration 93 ms by bot id=7444575424
2024-12-01 16:51:42,195 - aiogram.event - INFO - Update id=659304954 is handled. Duration 145 ms by bot id=7444575424
2024-12-01 16:52:26,581 - aiogram.event - INFO - Update id=659304955 is handled. Duration 763 ms by bot id=7444575424
2024-12-01 16:53:13,485 - aiogram.event - INFO - Update id=659304956 is handled. Duration 230 ms by bot id=7444575424
2024-12-01 16:53:33,538 - aiogram.event - INFO - Update id=659304957 is handled. Duration 227 ms by bot id=7444575424
2024-12-01 16:54:11,865 - aiogram.event - INFO - Update id=659304958 is handled. Duration 226 ms by bot id=7444575424
2024-12-01 16:54:38,597 - aiogram.event - INFO - Update id=659304959 is handled. Duration 172 ms by bot id=7444575424
2024-12-01 16:55:31,266 - aiogram.event - INFO - Update id=659304960 is handled. Duration 230 ms by bot id=7444575424
2024-12-01 16:55:35,400 - aiogram.event - INFO - Update id=659304961 is handled. Duration 118 ms by bot id=7444575424
2024-12-01 16:55:36,368 - aiogram.event - INFO - Update id=659304962 is handled. Duration 87 ms by bot id=7444575424
2024-12-01 16:55:38,159 - aiogram.event - INFO - Update id=659304963 is handled. Duration 164 ms by bot id=7444575424
2024-12-01 16:56:11,358 - aiogram.event - INFO - Update id=659304964 is handled. Duration 176 ms by bot id=7444575424
2024-12-01 16:56:14,553 - aiogram.event - INFO - Update id=659304965 is handled. Duration 251 ms by bot id=7444575424
2024-12-01 16:56:51,162 - aiogram.event - INFO - Update id=659304966 is handled. Duration 193 ms by bot id=7444575424
2024-12-01 16:56:52,679 - aiogram.event - INFO - Update id=659304967 is handled. Duration 92 ms by bot id=7444575424
2024-12-01 16:56:53,754 - aiogram.event - INFO - Update id=659304968 is handled. Duration 89 ms by bot id=7444575424
2024-12-01 16:57:10,008 - aiogram.event - INFO - Update id=659304969 is handled. Duration 208 ms by bot id=7444575424
2024-12-01 16:57:12,413 - aiogram.event - INFO - Update id=659304970 is handled. Duration 64 ms by bot id=7444575424
2024-12-01 16:57:15,033 - aiogram.event - INFO - Update id=659304971 is handled. Duration 276 ms by bot id=7444575424
2024-12-01 16:58:05,561 - aiogram.dispatcher - WARNING - Received SIGINT signal
2024-12-01 16:58:05,564 - aiogram.dispatcher - INFO - Polling stopped for bot @safe_net_vpnbot id=7444575424 - 'safe_net_vpn'
2024-12-01 16:58:05,564 - aiogram.dispatcher - INFO - Polling stopped
2024-12-01 17:03:59,370 - aiogram.dispatcher - INFO - Start polling
2024-12-01 17:04:00,006 - aiogram.dispatcher - INFO - Run polling for bot @safe_net_vpnbot id=7444575424 - 'safe_net_vpn'
2024-12-01 17:04:02,265 - aiogram.event - INFO - Update id=659304990 is handled. Duration 238 ms by bot id=7444575424
2024-12-01 17:04:03,561 - aiogram.event - INFO - Update id=659304991 is handled. Duration 73 ms by bot id=7444575424
2024-12-01 17:04:04,932 - aiogram.event - INFO - Update id=659304992 is handled. Duration 101 ms by bot id=7444575424
2024-12-01 17:04:22,326 - aiogram.event - INFO - Update id=659304993 is handled. Duration 195 ms by bot id=7444575424
2024-12-01 17:04:23,829 - aiogram.event - INFO - Update id=659304994 is handled. Duration 252 ms by bot id=7444575424
2024-12-01 17:04:24,928 - aiogram.event - INFO - Update id=659304995 is handled. Duration 343 ms by bot id=7444575424
2024-12-01 17:04:25,716 - aiogram.event - INFO - Update id=659304996 is handled. Duration 207 ms by bot id=7444575424
2024-12-01 17:04:34,147 - __main__ - INFO - {
    "message_id": 550,
    "date": 1733061874,
    "chat": {
        "id": 432629636,
        "type": "private",
        "title": null,
        "username": "asaidar",
        "first_name": "Aydar",
        "last_name": null,
        "is_forum": null,
        "accent_color_id": null,
        "active_usernames": null,
        "available_reactions": null,
        "background_custom_emoji_id": null,
        "bio": null,
        "birthdate": null,
        "business_intro": null,
        "business_location": null,
        "business_opening_hours": null,
        "can_set_sticker_set": null,
        "custom_emoji_sticker_set_name": null,
        "description": null,
        "emoji_status_custom_emoji_id": null,
        "emoji_status_expiration_date": null,
        "has_aggressive_anti_spam_enabled": null,
        "has_hidden_members": null,
        "has_private_forwards": null,
        "has_protected_content": null,
        "has_restricted_voice_and_video_messages": null,
        "has_visible_history": null,
        "invite_link": null,
        "join_by_request": null,
        "join_to_send_messages": null,
        "linked_chat_id": null,
        "location": null,
        "message_auto_delete_time": null,
        "permissions": null,
        "personal_chat": null,
        "photo": null,
        "pinned_message": null,
        "profile_accent_color_id": null,
        "profile_background_custom_emoji_id": null,
        "slow_mode_delay": null,
        "sticker_set_name": null,
        "unrestrict_boost_count": null
    },
    "message_thread_id": null,
    "from_user": {
        "id": 432629636,
        "is_bot": false,
        "first_name": "Aydar",
        "last_name": null,
        "username": "asaidar",
        "language_code": "ru",
        "is_premium": null,
        "added_to_attachment_menu": null,
        "can_join_groups": null,
        "can_read_all_group_messages": null,
        "supports_inline_queries": null,
        "can_connect_to_business": null,
        "has_main_web_app": null
    },
    "sender_chat": null,
    "sender_boost_count": null,
    "sender_business_bot": null,
    "business_connection_id": null,
    "forward_origin": null,
    "is_topic_message": null,
    "is_automatic_forward": null,
    "reply_to_message": null,
    "external_reply": null,
    "quote": null,
    "reply_to_story": null,
    "via_bot": null,
    "edit_date": null,
    "has_protected_content": null,
    "is_from_offline": null,
    "media_group_id": null,
    "author_signature": null,
    "text": null,
    "entities": null,
    "link_preview_options": null,
    "effect_id": null,
    "animation": null,
    "audio": null,
    "document": null,
    "paid_media": null,
    "photo": null,
    "sticker": null,
    "story": null,
    "video": null,
    "video_note": null,
    "voice": null,
    "caption": null,
    "caption_entities": null,
    "show_caption_above_media": null,
    "has_media_spoiler": null,
    "contact": null,
    "dice": null,
    "game": null,
    "poll": null,
    "venue": null,
    "location": null,
    "new_chat_members": null,
    "left_chat_member": null,
    "new_chat_title": null,
    "new_chat_photo": null,
    "delete_chat_photo": null,
    "group_chat_created": null,
    "supergroup_chat_created": null,
    "channel_chat_created": null,
    "message_auto_delete_timer_changed": null,
    "migrate_to_chat_id": null,
    "migrate_from_chat_id": null,
    "pinned_message": null,
    "invoice": null,
    "successful_payment": {
        "currency": "RUB",
        "total_amount": 10000,
        "invoice_payload": "c2a7daa5-bbc4-4c77-946e-60fdaed6d86f",
        "telegram_payment_charge_id": "7444575424_432629636_601625",
        "provider_payment_charge_id": "7444575424_432629636_601625",
        "subscription_expiration_date": null,
        "is_recurring": null,
        "is_first_recurring": null,
        "shipping_option_id": null,
        "order_info": null
    },
    "refunded_payment": null,
    "users_shared": null,
    "chat_shared": null,
    "connected_website": null,
    "write_access_allowed": null,
    "passport_data": null,
    "proximity_alert_triggered": null,
    "boost_added": null,
    "chat_background_set": null,
    "forum_topic_created": null,
    "forum_topic_edited": null,
    "forum_topic_closed": null,
    "forum_topic_reopened": null,
    "general_forum_topic_hidden": null,
    "general_forum_topic_unhidden": null,
    "giveaway_created": null,
    "giveaway": null,
    "giveaway_winners": null,
    "giveaway_completed": null,
    "video_chat_scheduled": null,
    "video_chat_started": null,
    "video_chat_ended": null,
    "video_chat_participants_invited": null,
    "web_app_data": null,
    "reply_markup": null,
    "forward_date": null,
    "forward_from": null,
    "forward_from_chat": null,
    "forward_from_message_id": null,
    "forward_sender_name": null,
    "forward_signature": null,
    "user_shared": null
}
2024-12-01 17:04:34,747 - __main__ - INFO - Key created: OutlineKey(key_id='4326296362024-12-01', name='VPN Key 2024-12-01 for user 432629636', password='vVnADwHysoB3zaoqvkPKGQ', port=20669, method='chacha20-ietf-poly1305', access_url='ss://Y2hhY2hhMjAtaWV0Zi1wb2x5MTMwNTp2Vm5BRHdIeXNvQjN6YW9xdmtQS0dR@5.35.38.7:20669/?outline=1', used_bytes=0, data_limit=214748364800) for user 432629636
2024-12-01 17:04:34,960 - aiogram.event - INFO - Update id=659304997 is handled. Duration 815 ms by bot id=7444575424
2024-12-01 17:04:42,778 - aiogram.event - INFO - Update id=659304998 is handled. Duration 142 ms by bot id=7444575424
2024-12-01 17:04:51,107 - __main__ - INFO - {
    "message_id": 553,
    "date": 1733061891,
    "chat": {
        "id": 528155210,
        "type": "private",
        "title": null,
        "username": "dastroo",
        "first_name": "Daniel Kostin\ud83d\udce1",
        "last_name": null,
        "is_forum": null,
        "accent_color_id": null,
        "active_usernames": null,
        "available_reactions": null,
        "background_custom_emoji_id": null,
        "bio": null,
        "birthdate": null,
        "business_intro": null,
        "business_location": null,
        "business_opening_hours": null,
        "can_set_sticker_set": null,
        "custom_emoji_sticker_set_name": null,
        "description": null,
        "emoji_status_custom_emoji_id": null,
        "emoji_status_expiration_date": null,
        "has_aggressive_anti_spam_enabled": null,
        "has_hidden_members": null,
        "has_private_forwards": null,
        "has_protected_content": null,
        "has_restricted_voice_and_video_messages": null,
        "has_visible_history": null,
        "invite_link": null,
        "join_by_request": null,
        "join_to_send_messages": null,
        "linked_chat_id": null,
        "location": null,
        "message_auto_delete_time": null,
        "permissions": null,
        "personal_chat": null,
        "photo": null,
        "pinned_message": null,
        "profile_accent_color_id": null,
        "profile_background_custom_emoji_id": null,
        "slow_mode_delay": null,
        "sticker_set_name": null,
        "unrestrict_boost_count": null
    },
    "message_thread_id": null,
    "from_user": {
        "id": 528155210,
        "is_bot": false,
        "first_name": "Daniel Kostin\ud83d\udce1",
        "last_name": null,
        "username": "dastroo",
        "language_code": "ru",
        "is_premium": null,
        "added_to_attachment_menu": null,
        "can_join_groups": null,
        "can_read_all_group_messages": null,
        "supports_inline_queries": null,
        "can_connect_to_business": null,
        "has_main_web_app": null
    },
    "sender_chat": null,
    "sender_boost_count": null,
    "sender_business_bot": null,
    "business_connection_id": null,
    "forward_origin": null,
    "is_topic_message": null,
    "is_automatic_forward": null,
    "reply_to_message": null,
    "external_reply": null,
    "quote": null,
    "reply_to_story": null,
    "via_bot": null,
    "edit_date": null,
    "has_protected_content": null,
    "is_from_offline": null,
    "media_group_id": null,
    "author_signature": null,
    "text": null,
    "entities": null,
    "link_preview_options": null,
    "effect_id": null,
    "animation": null,
    "audio": null,
    "document": null,
    "paid_media": null,
    "photo": null,
    "sticker": null,
    "story": null,
    "video": null,
    "video_note": null,
    "voice": null,
    "caption": null,
    "caption_entities": null,
    "show_caption_above_media": null,
    "has_media_spoiler": null,
    "contact": null,
    "dice": null,
    "game": null,
    "poll": null,
    "venue": null,
    "location": null,
    "new_chat_members": null,
    "left_chat_member": null,
    "new_chat_title": null,
    "new_chat_photo": null,
    "delete_chat_photo": null,
    "group_chat_created": null,
    "supergroup_chat_created": null,
    "channel_chat_created": null,
    "message_auto_delete_timer_changed": null,
    "migrate_to_chat_id": null,
    "migrate_from_chat_id": null,
    "pinned_message": null,
    "invoice": null,
    "successful_payment": {
        "currency": "RUB",
        "total_amount": 10000,
        "invoice_payload": "d63ddc21-0001-49f0-a556-9918062a1ae7",
        "telegram_payment_charge_id": "7444575424_528155210_323496",
        "provider_payment_charge_id": "7444575424_528155210_323496",
        "subscription_expiration_date": null,
        "is_recurring": null,
        "is_first_recurring": null,
        "shipping_option_id": null,
        "order_info": null
    },
    "refunded_payment": null,
    "users_shared": null,
    "chat_shared": null,
    "connected_website": null,
    "write_access_allowed": null,
    "passport_data": null,
    "proximity_alert_triggered": null,
    "boost_added": null,
    "chat_background_set": null,
    "forum_topic_created": null,
    "forum_topic_edited": null,
    "forum_topic_closed": null,
    "forum_topic_reopened": null,
    "general_forum_topic_hidden": null,
    "general_forum_topic_unhidden": null,
    "giveaway_created": null,
    "giveaway": null,
    "giveaway_winners": null,
    "giveaway_completed": null,
    "video_chat_scheduled": null,
    "video_chat_started": null,
    "video_chat_ended": null,
    "video_chat_participants_invited": null,
    "web_app_data": null,
    "reply_markup": null,
    "forward_date": null,
    "forward_from": null,
    "forward_from_chat": null,
    "forward_from_message_id": null,
    "forward_sender_name": null,
    "forward_signature": null,
    "user_shared": null
}
2024-12-01 17:04:51,409 - __main__ - INFO - Key created: OutlineKey(key_id='5281552102024-12-01', name='VPN Key 2024-12-01 for user 528155210', password='L1dIhkAmGBZD5gmO95Vnu7', port=20669, method='chacha20-ietf-poly1305', access_url='ss://Y2hhY2hhMjAtaWV0Zi1wb2x5MTMwNTpMMWRJaGtBbUdCWkQ1Z21POTVWbnU3@5.35.38.7:20669/?outline=1', used_bytes=0, data_limit=214748364800) for user 528155210
2024-12-01 17:04:51,518 - aiogram.event - INFO - Update id=659304999 is handled. Duration 412 ms by bot id=7444575424
2024-12-01 17:05:48,743 - aiogram.dispatcher - WARNING - Received SIGINT signal
2024-12-01 17:05:48,744 - aiogram.dispatcher - INFO - Polling stopped for bot @safe_net_vpnbot id=7444575424 - 'safe_net_vpn'
2024-12-01 17:05:48,744 - aiogram.dispatcher - INFO - Polling stopped
2024-12-01 17:07:59,645 - aiogram.dispatcher - INFO - Start polling
2024-12-01 17:08:00,035 - aiogram.dispatcher - INFO - Run polling for bot @safe_net_vpnbot id=7444575424 - 'safe_net_vpn'
2024-12-01 17:08:01,855 - aiogram.event - INFO - Update id=659305000 is handled. Duration 346 ms by bot id=7444575424
2024-12-01 17:08:02,820 - aiogram.event - INFO - Update id=659305001 is handled. Duration 99 ms by bot id=7444575424
2024-12-01 17:08:04,000 - aiogram.event - INFO - Update id=659305002 is handled. Duration 193 ms by bot id=7444575424
2024-12-01 17:08:11,152 - aiogram.event - INFO - Update id=659305003 is handled. Duration 96 ms by bot id=7444575424
2024-12-01 17:08:18,840 - __main__ - INFO - {
    "message_id": 560,
    "date": 1733062098,
    "chat": {
        "id": 432629636,
        "type": "private",
        "title": null,
        "username": "asaidar",
        "first_name": "Aydar",
        "last_name": null,
        "is_forum": null,
        "accent_color_id": null,
        "active_usernames": null,
        "available_reactions": null,
        "background_custom_emoji_id": null,
        "bio": null,
        "birthdate": null,
        "business_intro": null,
        "business_location": null,
        "business_opening_hours": null,
        "can_set_sticker_set": null,
        "custom_emoji_sticker_set_name": null,
        "description": null,
        "emoji_status_custom_emoji_id": null,
        "emoji_status_expiration_date": null,
        "has_aggressive_anti_spam_enabled": null,
        "has_hidden_members": null,
        "has_private_forwards": null,
        "has_protected_content": null,
        "has_restricted_voice_and_video_messages": null,
        "has_visible_history": null,
        "invite_link": null,
        "join_by_request": null,
        "join_to_send_messages": null,
        "linked_chat_id": null,
        "location": null,
        "message_auto_delete_time": null,
        "permissions": null,
        "personal_chat": null,
        "photo": null,
        "pinned_message": null,
        "profile_accent_color_id": null,
        "profile_background_custom_emoji_id": null,
        "slow_mode_delay": null,
        "sticker_set_name": null,
        "unrestrict_boost_count": null
    },
    "message_thread_id": null,
    "from_user": {
        "id": 432629636,
        "is_bot": false,
        "first_name": "Aydar",
        "last_name": null,
        "username": "asaidar",
        "language_code": "ru",
        "is_premium": null,
        "added_to_attachment_menu": null,
        "can_join_groups": null,
        "can_read_all_group_messages": null,
        "supports_inline_queries": null,
        "can_connect_to_business": null,
        "has_main_web_app": null
    },
    "sender_chat": null,
    "sender_boost_count": null,
    "sender_business_bot": null,
    "business_connection_id": null,
    "forward_origin": null,
    "is_topic_message": null,
    "is_automatic_forward": null,
    "reply_to_message": null,
    "external_reply": null,
    "quote": null,
    "reply_to_story": null,
    "via_bot": null,
    "edit_date": null,
    "has_protected_content": null,
    "is_from_offline": null,
    "media_group_id": null,
    "author_signature": null,
    "text": null,
    "entities": null,
    "link_preview_options": null,
    "effect_id": null,
    "animation": null,
    "audio": null,
    "document": null,
    "paid_media": null,
    "photo": null,
    "sticker": null,
    "story": null,
    "video": null,
    "video_note": null,
    "voice": null,
    "caption": null,
    "caption_entities": null,
    "show_caption_above_media": null,
    "has_media_spoiler": null,
    "contact": null,
    "dice": null,
    "game": null,
    "poll": null,
    "venue": null,
    "location": null,
    "new_chat_members": null,
    "left_chat_member": null,
    "new_chat_title": null,
    "new_chat_photo": null,
    "delete_chat_photo": null,
    "group_chat_created": null,
    "supergroup_chat_created": null,
    "channel_chat_created": null,
    "message_auto_delete_timer_changed": null,
    "migrate_to_chat_id": null,
    "migrate_from_chat_id": null,
    "pinned_message": null,
    "invoice": null,
    "successful_payment": {
        "currency": "RUB",
        "total_amount": 10000,
        "invoice_payload": "5022671f-3b2f-4fe4-a9d4-17c1875a6715",
        "telegram_payment_charge_id": "7444575424_432629636_601642",
        "provider_payment_charge_id": "7444575424_432629636_601642",
        "subscription_expiration_date": null,
        "is_recurring": null,
        "is_first_recurring": null,
        "shipping_option_id": null,
        "order_info": null
    },
    "refunded_payment": null,
    "users_shared": null,
    "chat_shared": null,
    "connected_website": null,
    "write_access_allowed": null,
    "passport_data": null,
    "proximity_alert_triggered": null,
    "boost_added": null,
    "chat_background_set": null,
    "forum_topic_created": null,
    "forum_topic_edited": null,
    "forum_topic_closed": null,
    "forum_topic_reopened": null,
    "general_forum_topic_hidden": null,
    "general_forum_topic_unhidden": null,
    "giveaway_created": null,
    "giveaway": null,
    "giveaway_winners": null,
    "giveaway_completed": null,
    "video_chat_scheduled": null,
    "video_chat_started": null,
    "video_chat_ended": null,
    "video_chat_participants_invited": null,
    "web_app_data": null,
    "reply_markup": null,
    "forward_date": null,
    "forward_from": null,
    "forward_from_chat": null,
    "forward_from_message_id": null,
    "forward_sender_name": null,
    "forward_signature": null,
    "user_shared": null
}
2024-12-01 17:08:19,115 - __main__ - ERROR - Error processing successful payment: Unable to create key. {"code":"Conflict","message":"Access key \"4326296362024-12-01\" conflict"}
2024-12-01 17:08:19,194 - aiogram.event - INFO - Update id=659305004 is handled. Duration 354 ms by bot id=7444575424
2024-12-01 17:09:43,457 - aiogram.dispatcher - WARNING - Received SIGINT signal
2024-12-01 17:09:43,463 - aiogram.dispatcher - INFO - Polling stopped for bot @safe_net_vpnbot id=7444575424 - 'safe_net_vpn'
2024-12-01 17:09:43,463 - aiogram.dispatcher - INFO - Polling stopped
2024-12-01 17:09:46,000 - aiogram.dispatcher - INFO - Start polling
2024-12-01 17:09:46,174 - aiogram.dispatcher - INFO - Run polling for bot @safe_net_vpnbot id=7444575424 - 'safe_net_vpn'
2024-12-01 17:09:46,858 - aiogram.event - INFO - Update id=659305005 is handled. Duration 234 ms by bot id=7444575424
2024-12-01 17:09:48,087 - aiogram.event - INFO - Update id=659305006 is handled. Duration 144 ms by bot id=7444575424
2024-12-01 17:09:49,387 - aiogram.event - INFO - Update id=659305007 is handled. Duration 142 ms by bot id=7444575424
2024-12-01 17:09:52,586 - aiogram.event - INFO - Update id=659305008 is handled. Duration 73 ms by bot id=7444575424
2024-12-01 17:10:00,538 - __main__ - INFO - {
    "message_id": 567,
    "date": 1733062200,
    "chat": {
        "id": 432629636,
        "type": "private",
        "title": null,
        "username": "asaidar",
        "first_name": "Aydar",
        "last_name": null,
        "is_forum": null,
        "accent_color_id": null,
        "active_usernames": null,
        "available_reactions": null,
        "background_custom_emoji_id": null,
        "bio": null,
        "birthdate": null,
        "business_intro": null,
        "business_location": null,
        "business_opening_hours": null,
        "can_set_sticker_set": null,
        "custom_emoji_sticker_set_name": null,
        "description": null,
        "emoji_status_custom_emoji_id": null,
        "emoji_status_expiration_date": null,
        "has_aggressive_anti_spam_enabled": null,
        "has_hidden_members": null,
        "has_private_forwards": null,
        "has_protected_content": null,
        "has_restricted_voice_and_video_messages": null,
        "has_visible_history": null,
        "invite_link": null,
        "join_by_request": null,
        "join_to_send_messages": null,
        "linked_chat_id": null,
        "location": null,
        "message_auto_delete_time": null,
        "permissions": null,
        "personal_chat": null,
        "photo": null,
        "pinned_message": null,
        "profile_accent_color_id": null,
        "profile_background_custom_emoji_id": null,
        "slow_mode_delay": null,
        "sticker_set_name": null,
        "unrestrict_boost_count": null
    },
    "message_thread_id": null,
    "from_user": {
        "id": 432629636,
        "is_bot": false,
        "first_name": "Aydar",
        "last_name": null,
        "username": "asaidar",
        "language_code": "ru",
        "is_premium": null,
        "added_to_attachment_menu": null,
        "can_join_groups": null,
        "can_read_all_group_messages": null,
        "supports_inline_queries": null,
        "can_connect_to_business": null,
        "has_main_web_app": null
    },
    "sender_chat": null,
    "sender_boost_count": null,
    "sender_business_bot": null,
    "business_connection_id": null,
    "forward_origin": null,
    "is_topic_message": null,
    "is_automatic_forward": null,
    "reply_to_message": null,
    "external_reply": null,
    "quote": null,
    "reply_to_story": null,
    "via_bot": null,
    "edit_date": null,
    "has_protected_content": null,
    "is_from_offline": null,
    "media_group_id": null,
    "author_signature": null,
    "text": null,
    "entities": null,
    "link_preview_options": null,
    "effect_id": null,
    "animation": null,
    "audio": null,
    "document": null,
    "paid_media": null,
    "photo": null,
    "sticker": null,
    "story": null,
    "video": null,
    "video_note": null,
    "voice": null,
    "caption": null,
    "caption_entities": null,
    "show_caption_above_media": null,
    "has_media_spoiler": null,
    "contact": null,
    "dice": null,
    "game": null,
    "poll": null,
    "venue": null,
    "location": null,
    "new_chat_members": null,
    "left_chat_member": null,
    "new_chat_title": null,
    "new_chat_photo": null,
    "delete_chat_photo": null,
    "group_chat_created": null,
    "supergroup_chat_created": null,
    "channel_chat_created": null,
    "message_auto_delete_timer_changed": null,
    "migrate_to_chat_id": null,
    "migrate_from_chat_id": null,
    "pinned_message": null,
    "invoice": null,
    "successful_payment": {
        "currency": "RUB",
        "total_amount": 10000,
        "invoice_payload": "cb561bd7-5d9b-4e0a-af78-03695760f314",
        "telegram_payment_charge_id": "7444575424_432629636_601649",
        "provider_payment_charge_id": "7444575424_432629636_601649",
        "subscription_expiration_date": null,
        "is_recurring": null,
        "is_first_recurring": null,
        "shipping_option_id": null,
        "order_info": null
    },
    "refunded_payment": null,
    "users_shared": null,
    "chat_shared": null,
    "connected_website": null,
    "write_access_allowed": null,
    "passport_data": null,
    "proximity_alert_triggered": null,
    "boost_added": null,
    "chat_background_set": null,
    "forum_topic_created": null,
    "forum_topic_edited": null,
    "forum_topic_closed": null,
    "forum_topic_reopened": null,
    "general_forum_topic_hidden": null,
    "general_forum_topic_unhidden": null,
    "giveaway_created": null,
    "giveaway": null,
    "giveaway_winners": null,
    "giveaway_completed": null,
    "video_chat_scheduled": null,
    "video_chat_started": null,
    "video_chat_ended": null,
    "video_chat_participants_invited": null,
    "web_app_data": null,
    "reply_markup": null,
    "forward_date": null,
    "forward_from": null,
    "forward_from_chat": null,
    "forward_from_message_id": null,
    "forward_sender_name": null,
    "forward_signature": null,
    "user_shared": null
}
2024-12-01 17:10:00,731 - __main__ - INFO - Key created: OutlineKey(key_id='4326296362024-12-01', name='Key 2024-12-01 user 432629636', password='s8oWHp37Fqb5TYmTUIgfVZ', port=20669, method='chacha20-ietf-poly1305', access_url='ss://Y2hhY2hhMjAtaWV0Zi1wb2x5MTMwNTpzOG9XSHAzN0ZxYjVUWW1UVUlnZlZa@5.35.38.7:20669/?outline=1', used_bytes=0, data_limit=214748364800) for user 432629636
2024-12-01 17:10:00,857 - aiogram.event - INFO - Update id=659305009 is handled. Duration 319 ms by bot id=7444575424
2024-12-01 17:15:12,371 - aiogram.dispatcher - WARNING - Received SIGINT signal
2024-12-01 17:15:12,375 - aiogram.dispatcher - INFO - Polling stopped for bot @safe_net_vpnbot id=7444575424 - 'safe_net_vpn'
2024-12-01 17:15:12,375 - aiogram.dispatcher - INFO - Polling stopped
2024-12-01 17:15:14,999 - aiogram.dispatcher - INFO - Start polling
2024-12-01 17:15:15,285 - aiogram.dispatcher - INFO - Run polling for bot @safe_net_vpnbot id=7444575424 - 'safe_net_vpn'
2024-12-01 17:15:17,408 - aiogram.event - INFO - Update id=659305010 is handled. Duration 208 ms by bot id=7444575424
2024-12-01 17:15:18,463 - aiogram.event - INFO - Update id=659305011 is handled. Duration 76 ms by bot id=7444575424
2024-12-01 17:15:19,415 - aiogram.event - INFO - Update id=659305012 is handled. Duration 86 ms by bot id=7444575424
2024-12-01 17:15:22,776 - aiogram.event - INFO - Update id=659305013 is handled. Duration 135 ms by bot id=7444575424
2024-12-01 17:15:31,278 - __main__ - INFO - {
    "message_id": 573,
    "date": 1733062531,
    "chat": {
        "id": 432629636,
        "type": "private",
        "title": null,
        "username": "asaidar",
        "first_name": "Aydar",
        "last_name": null,
        "is_forum": null,
        "accent_color_id": null,
        "active_usernames": null,
        "available_reactions": null,
        "background_custom_emoji_id": null,
        "bio": null,
        "birthdate": null,
        "business_intro": null,
        "business_location": null,
        "business_opening_hours": null,
        "can_set_sticker_set": null,
        "custom_emoji_sticker_set_name": null,
        "description": null,
        "emoji_status_custom_emoji_id": null,
        "emoji_status_expiration_date": null,
        "has_aggressive_anti_spam_enabled": null,
        "has_hidden_members": null,
        "has_private_forwards": null,
        "has_protected_content": null,
        "has_restricted_voice_and_video_messages": null,
        "has_visible_history": null,
        "invite_link": null,
        "join_by_request": null,
        "join_to_send_messages": null,
        "linked_chat_id": null,
        "location": null,
        "message_auto_delete_time": null,
        "permissions": null,
        "personal_chat": null,
        "photo": null,
        "pinned_message": null,
        "profile_accent_color_id": null,
        "profile_background_custom_emoji_id": null,
        "slow_mode_delay": null,
        "sticker_set_name": null,
        "unrestrict_boost_count": null
    },
    "message_thread_id": null,
    "from_user": {
        "id": 432629636,
        "is_bot": false,
        "first_name": "Aydar",
        "last_name": null,
        "username": "asaidar",
        "language_code": "ru",
        "is_premium": null,
        "added_to_attachment_menu": null,
        "can_join_groups": null,
        "can_read_all_group_messages": null,
        "supports_inline_queries": null,
        "can_connect_to_business": null,
        "has_main_web_app": null
    },
    "sender_chat": null,
    "sender_boost_count": null,
    "sender_business_bot": null,
    "business_connection_id": null,
    "forward_origin": null,
    "is_topic_message": null,
    "is_automatic_forward": null,
    "reply_to_message": null,
    "external_reply": null,
    "quote": null,
    "reply_to_story": null,
    "via_bot": null,
    "edit_date": null,
    "has_protected_content": null,
    "is_from_offline": null,
    "media_group_id": null,
    "author_signature": null,
    "text": null,
    "entities": null,
    "link_preview_options": null,
    "effect_id": null,
    "animation": null,
    "audio": null,
    "document": null,
    "paid_media": null,
    "photo": null,
    "sticker": null,
    "story": null,
    "video": null,
    "video_note": null,
    "voice": null,
    "caption": null,
    "caption_entities": null,
    "show_caption_above_media": null,
    "has_media_spoiler": null,
    "contact": null,
    "dice": null,
    "game": null,
    "poll": null,
    "venue": null,
    "location": null,
    "new_chat_members": null,
    "left_chat_member": null,
    "new_chat_title": null,
    "new_chat_photo": null,
    "delete_chat_photo": null,
    "group_chat_created": null,
    "supergroup_chat_created": null,
    "channel_chat_created": null,
    "message_auto_delete_timer_changed": null,
    "migrate_to_chat_id": null,
    "migrate_from_chat_id": null,
    "pinned_message": null,
    "invoice": null,
    "successful_payment": {
        "currency": "RUB",
        "total_amount": 10000,
        "invoice_payload": "0df50ccb-96de-4172-bebe-3509df486b5e",
        "telegram_payment_charge_id": "7444575424_432629636_601655",
        "provider_payment_charge_id": "7444575424_432629636_601655",
        "subscription_expiration_date": null,
        "is_recurring": null,
        "is_first_recurring": null,
        "shipping_option_id": null,
        "order_info": null
    },
    "refunded_payment": null,
    "users_shared": null,
    "chat_shared": null,
    "connected_website": null,
    "write_access_allowed": null,
    "passport_data": null,
    "proximity_alert_triggered": null,
    "boost_added": null,
    "chat_background_set": null,
    "forum_topic_created": null,
    "forum_topic_edited": null,
    "forum_topic_closed": null,
    "forum_topic_reopened": null,
    "general_forum_topic_hidden": null,
    "general_forum_topic_unhidden": null,
    "giveaway_created": null,
    "giveaway": null,
    "giveaway_winners": null,
    "giveaway_completed": null,
    "video_chat_scheduled": null,
    "video_chat_started": null,
    "video_chat_ended": null,
    "video_chat_participants_invited": null,
    "web_app_data": null,
    "reply_markup": null,
    "forward_date": null,
    "forward_from": null,
    "forward_from_chat": null,
    "forward_from_message_id": null,
    "forward_sender_name": null,
    "forward_signature": null,
    "user_shared": null
}
2024-12-01 17:15:31,688 - __main__ - ERROR - Error processing successful payment: Unable to create key. {"code":"Conflict","message":"Access key \"4326296362024-12-01\" conflict"}
2024-12-01 17:15:31,809 - aiogram.event - INFO - Update id=659305014 is handled. Duration 532 ms by bot id=7444575424
2024-12-01 17:16:24,107 - aiogram.dispatcher - WARNING - Received SIGINT signal
2024-12-01 17:16:24,108 - aiogram.dispatcher - INFO - Polling stopped for bot @safe_net_vpnbot id=7444575424 - 'safe_net_vpn'
2024-12-01 17:16:24,108 - aiogram.dispatcher - INFO - Polling stopped
2024-12-01 17:16:26,384 - aiogram.dispatcher - INFO - Start polling
2024-12-01 17:16:26,570 - aiogram.dispatcher - INFO - Run polling for bot @safe_net_vpnbot id=7444575424 - 'safe_net_vpn'
2024-12-01 17:16:27,551 - aiogram.event - INFO - Update id=659305015 is handled. Duration 254 ms by bot id=7444575424
2024-12-01 17:16:28,531 - aiogram.event - INFO - Update id=659305016 is handled. Duration 226 ms by bot id=7444575424
2024-12-01 17:16:30,562 - aiogram.event - INFO - Update id=659305017 is handled. Duration 128 ms by bot id=7444575424
2024-12-01 17:16:32,343 - aiogram.event - INFO - Update id=659305018 is handled. Duration 132 ms by bot id=7444575424
2024-12-01 17:16:36,203 - aiogram.event - INFO - Update id=659305019 is handled. Duration 147 ms by bot id=7444575424
2024-12-01 17:16:43,517 - __main__ - INFO - {
    "message_id": 580,
    "date": 1733062603,
    "chat": {
        "id": 432629636,
        "type": "private",
        "title": null,
        "username": "asaidar",
        "first_name": "Aydar",
        "last_name": null,
        "is_forum": null,
        "accent_color_id": null,
        "active_usernames": null,
        "available_reactions": null,
        "background_custom_emoji_id": null,
        "bio": null,
        "birthdate": null,
        "business_intro": null,
        "business_location": null,
        "business_opening_hours": null,
        "can_set_sticker_set": null,
        "custom_emoji_sticker_set_name": null,
        "description": null,
        "emoji_status_custom_emoji_id": null,
        "emoji_status_expiration_date": null,
        "has_aggressive_anti_spam_enabled": null,
        "has_hidden_members": null,
        "has_private_forwards": null,
        "has_protected_content": null,
        "has_restricted_voice_and_video_messages": null,
        "has_visible_history": null,
        "invite_link": null,
        "join_by_request": null,
        "join_to_send_messages": null,
        "linked_chat_id": null,
        "location": null,
        "message_auto_delete_time": null,
        "permissions": null,
        "personal_chat": null,
        "photo": null,
        "pinned_message": null,
        "profile_accent_color_id": null,
        "profile_background_custom_emoji_id": null,
        "slow_mode_delay": null,
        "sticker_set_name": null,
        "unrestrict_boost_count": null
    },
    "message_thread_id": null,
    "from_user": {
        "id": 432629636,
        "is_bot": false,
        "first_name": "Aydar",
        "last_name": null,
        "username": "asaidar",
        "language_code": "ru",
        "is_premium": null,
        "added_to_attachment_menu": null,
        "can_join_groups": null,
        "can_read_all_group_messages": null,
        "supports_inline_queries": null,
        "can_connect_to_business": null,
        "has_main_web_app": null
    },
    "sender_chat": null,
    "sender_boost_count": null,
    "sender_business_bot": null,
    "business_connection_id": null,
    "forward_origin": null,
    "is_topic_message": null,
    "is_automatic_forward": null,
    "reply_to_message": null,
    "external_reply": null,
    "quote": null,
    "reply_to_story": null,
    "via_bot": null,
    "edit_date": null,
    "has_protected_content": null,
    "is_from_offline": null,
    "media_group_id": null,
    "author_signature": null,
    "text": null,
    "entities": null,
    "link_preview_options": null,
    "effect_id": null,
    "animation": null,
    "audio": null,
    "document": null,
    "paid_media": null,
    "photo": null,
    "sticker": null,
    "story": null,
    "video": null,
    "video_note": null,
    "voice": null,
    "caption": null,
    "caption_entities": null,
    "show_caption_above_media": null,
    "has_media_spoiler": null,
    "contact": null,
    "dice": null,
    "game": null,
    "poll": null,
    "venue": null,
    "location": null,
    "new_chat_members": null,
    "left_chat_member": null,
    "new_chat_title": null,
    "new_chat_photo": null,
    "delete_chat_photo": null,
    "group_chat_created": null,
    "supergroup_chat_created": null,
    "channel_chat_created": null,
    "message_auto_delete_timer_changed": null,
    "migrate_to_chat_id": null,
    "migrate_from_chat_id": null,
    "pinned_message": null,
    "invoice": null,
    "successful_payment": {
        "currency": "RUB",
        "total_amount": 10000,
        "invoice_payload": "55c0e0dc-2003-49b5-b620-866f9e120946",
        "telegram_payment_charge_id": "7444575424_432629636_601662",
        "provider_payment_charge_id": "7444575424_432629636_601662",
        "subscription_expiration_date": null,
        "is_recurring": null,
        "is_first_recurring": null,
        "shipping_option_id": null,
        "order_info": null
    },
    "refunded_payment": null,
    "users_shared": null,
    "chat_shared": null,
    "connected_website": null,
    "write_access_allowed": null,
    "passport_data": null,
    "proximity_alert_triggered": null,
    "boost_added": null,
    "chat_background_set": null,
    "forum_topic_created": null,
    "forum_topic_edited": null,
    "forum_topic_closed": null,
    "forum_topic_reopened": null,
    "general_forum_topic_hidden": null,
    "general_forum_topic_unhidden": null,
    "giveaway_created": null,
    "giveaway": null,
    "giveaway_winners": null,
    "giveaway_completed": null,
    "video_chat_scheduled": null,
    "video_chat_started": null,
    "video_chat_ended": null,
    "video_chat_participants_invited": null,
    "web_app_data": null,
    "reply_markup": null,
    "forward_date": null,
    "forward_from": null,
    "forward_from_chat": null,
    "forward_from_message_id": null,
    "forward_sender_name": null,
    "forward_signature": null,
    "user_shared": null
}
2024-12-01 17:16:43,693 - __main__ - ERROR - Error processing successful payment: Unable to create key. {"code":"Conflict","message":"Access key \"4326296362024-12-01\" conflict"}
2024-12-01 17:16:43,812 - aiogram.event - INFO - Update id=659305020 is handled. Duration 295 ms by bot id=7444575424
2024-12-01 17:17:08,560 - aiogram.dispatcher - WARNING - Received SIGINT signal
2024-12-01 17:17:08,561 - aiogram.dispatcher - INFO - Polling stopped for bot @safe_net_vpnbot id=7444575424 - 'safe_net_vpn'
2024-12-01 17:17:08,561 - aiogram.dispatcher - INFO - Polling stopped
2024-12-01 17:17:11,188 - aiogram.dispatcher - INFO - Start polling
2024-12-01 17:17:11,356 - aiogram.dispatcher - INFO - Run polling for bot @safe_net_vpnbot id=7444575424 - 'safe_net_vpn'
2024-12-01 17:17:13,842 - aiogram.event - INFO - Update id=659305021 is handled. Duration 705 ms by bot id=7444575424
2024-12-01 17:17:14,821 - aiogram.event - INFO - Update id=659305022 is handled. Duration 115 ms by bot id=7444575424
2024-12-01 17:17:16,009 - aiogram.event - INFO - Update id=659305023 is handled. Duration 162 ms by bot id=7444575424
2024-12-01 17:17:18,774 - aiogram.event - INFO - Update id=659305024 is handled. Duration 87 ms by bot id=7444575424
2024-12-01 17:17:28,735 - __main__ - INFO - {
    "message_id": 586,
    "date": 1733062648,
    "chat": {
        "id": 432629636,
        "type": "private",
        "title": null,
        "username": "asaidar",
        "first_name": "Aydar",
        "last_name": null,
        "is_forum": null,
        "accent_color_id": null,
        "active_usernames": null,
        "available_reactions": null,
        "background_custom_emoji_id": null,
        "bio": null,
        "birthdate": null,
        "business_intro": null,
        "business_location": null,
        "business_opening_hours": null,
        "can_set_sticker_set": null,
        "custom_emoji_sticker_set_name": null,
        "description": null,
        "emoji_status_custom_emoji_id": null,
        "emoji_status_expiration_date": null,
        "has_aggressive_anti_spam_enabled": null,
        "has_hidden_members": null,
        "has_private_forwards": null,
        "has_protected_content": null,
        "has_restricted_voice_and_video_messages": null,
        "has_visible_history": null,
        "invite_link": null,
        "join_by_request": null,
        "join_to_send_messages": null,
        "linked_chat_id": null,
        "location": null,
        "message_auto_delete_time": null,
        "permissions": null,
        "personal_chat": null,
        "photo": null,
        "pinned_message": null,
        "profile_accent_color_id": null,
        "profile_background_custom_emoji_id": null,
        "slow_mode_delay": null,
        "sticker_set_name": null,
        "unrestrict_boost_count": null
    },
    "message_thread_id": null,
    "from_user": {
        "id": 432629636,
        "is_bot": false,
        "first_name": "Aydar",
        "last_name": null,
        "username": "asaidar",
        "language_code": "ru",
        "is_premium": null,
        "added_to_attachment_menu": null,
        "can_join_groups": null,
        "can_read_all_group_messages": null,
        "supports_inline_queries": null,
        "can_connect_to_business": null,
        "has_main_web_app": null
    },
    "sender_chat": null,
    "sender_boost_count": null,
    "sender_business_bot": null,
    "business_connection_id": null,
    "forward_origin": null,
    "is_topic_message": null,
    "is_automatic_forward": null,
    "reply_to_message": null,
    "external_reply": null,
    "quote": null,
    "reply_to_story": null,
    "via_bot": null,
    "edit_date": null,
    "has_protected_content": null,
    "is_from_offline": null,
    "media_group_id": null,
    "author_signature": null,
    "text": null,
    "entities": null,
    "link_preview_options": null,
    "effect_id": null,
    "animation": null,
    "audio": null,
    "document": null,
    "paid_media": null,
    "photo": null,
    "sticker": null,
    "story": null,
    "video": null,
    "video_note": null,
    "voice": null,
    "caption": null,
    "caption_entities": null,
    "show_caption_above_media": null,
    "has_media_spoiler": null,
    "contact": null,
    "dice": null,
    "game": null,
    "poll": null,
    "venue": null,
    "location": null,
    "new_chat_members": null,
    "left_chat_member": null,
    "new_chat_title": null,
    "new_chat_photo": null,
    "delete_chat_photo": null,
    "group_chat_created": null,
    "supergroup_chat_created": null,
    "channel_chat_created": null,
    "message_auto_delete_timer_changed": null,
    "migrate_to_chat_id": null,
    "migrate_from_chat_id": null,
    "pinned_message": null,
    "invoice": null,
    "successful_payment": {
        "currency": "RUB",
        "total_amount": 10000,
        "invoice_payload": "a38f2b02-391e-421e-9703-034c219cad13",
        "telegram_payment_charge_id": "7444575424_432629636_601668",
        "provider_payment_charge_id": "7444575424_432629636_601668",
        "subscription_expiration_date": null,
        "is_recurring": null,
        "is_first_recurring": null,
        "shipping_option_id": null,
        "order_info": null
    },
    "refunded_payment": null,
    "users_shared": null,
    "chat_shared": null,
    "connected_website": null,
    "write_access_allowed": null,
    "passport_data": null,
    "proximity_alert_triggered": null,
    "boost_added": null,
    "chat_background_set": null,
    "forum_topic_created": null,
    "forum_topic_edited": null,
    "forum_topic_closed": null,
    "forum_topic_reopened": null,
    "general_forum_topic_hidden": null,
    "general_forum_topic_unhidden": null,
    "giveaway_created": null,
    "giveaway": null,
    "giveaway_winners": null,
    "giveaway_completed": null,
    "video_chat_scheduled": null,
    "video_chat_started": null,
    "video_chat_ended": null,
    "video_chat_participants_invited": null,
    "web_app_data": null,
    "reply_markup": null,
    "forward_date": null,
    "forward_from": null,
    "forward_from_chat": null,
    "forward_from_message_id": null,
    "forward_sender_name": null,
    "forward_signature": null,
    "user_shared": null
}
2024-12-01 17:17:29,012 - __main__ - ERROR - Error processing successful payment: Unable to create key. {"code":"Conflict","message":"Access key \"4326296362024-12-01\" conflict"}
2024-12-01 17:17:29,118 - aiogram.event - INFO - Update id=659305025 is handled. Duration 385 ms by bot id=7444575424
2024-12-01 17:18:53,727 - aiogram.dispatcher - WARNING - Received SIGINT signal
2024-12-01 17:18:53,728 - aiogram.dispatcher - INFO - Polling stopped for bot @safe_net_vpnbot id=7444575424 - 'safe_net_vpn'
2024-12-01 17:18:53,728 - aiogram.dispatcher - INFO - Polling stopped
2024-12-01 17:18:56,500 - aiogram.dispatcher - INFO - Start polling
2024-12-01 17:18:56,871 - aiogram.dispatcher - INFO - Run polling for bot @safe_net_vpnbot id=7444575424 - 'safe_net_vpn'
2024-12-01 17:18:59,346 - aiogram.event - INFO - Update id=659305026 is handled. Duration 323 ms by bot id=7444575424
2024-12-01 17:19:00,193 - aiogram.event - INFO - Update id=659305027 is handled. Duration 75 ms by bot id=7444575424
2024-12-01 17:19:01,370 - aiogram.event - INFO - Update id=659305028 is handled. Duration 80 ms by bot id=7444575424
2024-12-01 17:19:04,495 - aiogram.event - INFO - Update id=659305029 is handled. Duration 163 ms by bot id=7444575424
2024-12-01 17:19:11,687 - __main__ - INFO - {
    "message_id": 592,
    "date": 1733062751,
    "chat": {
        "id": 432629636,
        "type": "private",
        "title": null,
        "username": "asaidar",
        "first_name": "Aydar",
        "last_name": null,
        "is_forum": null,
        "accent_color_id": null,
        "active_usernames": null,
        "available_reactions": null,
        "background_custom_emoji_id": null,
        "bio": null,
        "birthdate": null,
        "business_intro": null,
        "business_location": null,
        "business_opening_hours": null,
        "can_set_sticker_set": null,
        "custom_emoji_sticker_set_name": null,
        "description": null,
        "emoji_status_custom_emoji_id": null,
        "emoji_status_expiration_date": null,
        "has_aggressive_anti_spam_enabled": null,
        "has_hidden_members": null,
        "has_private_forwards": null,
        "has_protected_content": null,
        "has_restricted_voice_and_video_messages": null,
        "has_visible_history": null,
        "invite_link": null,
        "join_by_request": null,
        "join_to_send_messages": null,
        "linked_chat_id": null,
        "location": null,
        "message_auto_delete_time": null,
        "permissions": null,
        "personal_chat": null,
        "photo": null,
        "pinned_message": null,
        "profile_accent_color_id": null,
        "profile_background_custom_emoji_id": null,
        "slow_mode_delay": null,
        "sticker_set_name": null,
        "unrestrict_boost_count": null
    },
    "message_thread_id": null,
    "from_user": {
        "id": 432629636,
        "is_bot": false,
        "first_name": "Aydar",
        "last_name": null,
        "username": "asaidar",
        "language_code": "ru",
        "is_premium": null,
        "added_to_attachment_menu": null,
        "can_join_groups": null,
        "can_read_all_group_messages": null,
        "supports_inline_queries": null,
        "can_connect_to_business": null,
        "has_main_web_app": null
    },
    "sender_chat": null,
    "sender_boost_count": null,
    "sender_business_bot": null,
    "business_connection_id": null,
    "forward_origin": null,
    "is_topic_message": null,
    "is_automatic_forward": null,
    "reply_to_message": null,
    "external_reply": null,
    "quote": null,
    "reply_to_story": null,
    "via_bot": null,
    "edit_date": null,
    "has_protected_content": null,
    "is_from_offline": null,
    "media_group_id": null,
    "author_signature": null,
    "text": null,
    "entities": null,
    "link_preview_options": null,
    "effect_id": null,
    "animation": null,
    "audio": null,
    "document": null,
    "paid_media": null,
    "photo": null,
    "sticker": null,
    "story": null,
    "video": null,
    "video_note": null,
    "voice": null,
    "caption": null,
    "caption_entities": null,
    "show_caption_above_media": null,
    "has_media_spoiler": null,
    "contact": null,
    "dice": null,
    "game": null,
    "poll": null,
    "venue": null,
    "location": null,
    "new_chat_members": null,
    "left_chat_member": null,
    "new_chat_title": null,
    "new_chat_photo": null,
    "delete_chat_photo": null,
    "group_chat_created": null,
    "supergroup_chat_created": null,
    "channel_chat_created": null,
    "message_auto_delete_timer_changed": null,
    "migrate_to_chat_id": null,
    "migrate_from_chat_id": null,
    "pinned_message": null,
    "invoice": null,
    "successful_payment": {
        "currency": "RUB",
        "total_amount": 10000,
        "invoice_payload": "c30787dc-f3df-44f4-8a76-24dea72b9fe1",
        "telegram_payment_charge_id": "7444575424_432629636_601674",
        "provider_payment_charge_id": "7444575424_432629636_601674",
        "subscription_expiration_date": null,
        "is_recurring": null,
        "is_first_recurring": null,
        "shipping_option_id": null,
        "order_info": null
    },
    "refunded_payment": null,
    "users_shared": null,
    "chat_shared": null,
    "connected_website": null,
    "write_access_allowed": null,
    "passport_data": null,
    "proximity_alert_triggered": null,
    "boost_added": null,
    "chat_background_set": null,
    "forum_topic_created": null,
    "forum_topic_edited": null,
    "forum_topic_closed": null,
    "forum_topic_reopened": null,
    "general_forum_topic_hidden": null,
    "general_forum_topic_unhidden": null,
    "giveaway_created": null,
    "giveaway": null,
    "giveaway_winners": null,
    "giveaway_completed": null,
    "video_chat_scheduled": null,
    "video_chat_started": null,
    "video_chat_ended": null,
    "video_chat_participants_invited": null,
    "web_app_data": null,
    "reply_markup": null,
    "forward_date": null,
    "forward_from": null,
    "forward_from_chat": null,
    "forward_from_message_id": null,
    "forward_sender_name": null,
    "forward_signature": null,
    "user_shared": null
}
2024-12-01 17:19:11,691 - __main__ - ERROR - Error processing successful payment: module 'datetime' has no attribute 'now'
2024-12-01 17:19:11,827 - aiogram.event - INFO - Update id=659305030 is handled. Duration 142 ms by bot id=7444575424
2024-12-01 17:19:53,138 - aiogram.dispatcher - WARNING - Received SIGINT signal
2024-12-01 17:19:53,139 - aiogram.dispatcher - INFO - Polling stopped for bot @safe_net_vpnbot id=7444575424 - 'safe_net_vpn'
2024-12-01 17:19:53,140 - aiogram.dispatcher - INFO - Polling stopped
2024-12-01 17:19:56,547 - aiogram.dispatcher - INFO - Start polling
2024-12-01 17:19:56,709 - aiogram.dispatcher - INFO - Run polling for bot @safe_net_vpnbot id=7444575424 - 'safe_net_vpn'
2024-12-01 17:19:57,511 - aiogram.event - INFO - Update id=659305031 is handled. Duration 328 ms by bot id=7444575424
2024-12-01 17:19:58,634 - aiogram.event - INFO - Update id=659305032 is handled. Duration 98 ms by bot id=7444575424
2024-12-01 17:19:59,636 - aiogram.event - INFO - Update id=659305033 is handled. Duration 171 ms by bot id=7444575424
2024-12-01 17:20:03,218 - aiogram.event - INFO - Update id=659305034 is handled. Duration 125 ms by bot id=7444575424
2024-12-01 17:20:10,151 - __main__ - INFO - {
    "message_id": 598,
    "date": 1733062810,
    "chat": {
        "id": 432629636,
        "type": "private",
        "title": null,
        "username": "asaidar",
        "first_name": "Aydar",
        "last_name": null,
        "is_forum": null,
        "accent_color_id": null,
        "active_usernames": null,
        "available_reactions": null,
        "background_custom_emoji_id": null,
        "bio": null,
        "birthdate": null,
        "business_intro": null,
        "business_location": null,
        "business_opening_hours": null,
        "can_set_sticker_set": null,
        "custom_emoji_sticker_set_name": null,
        "description": null,
        "emoji_status_custom_emoji_id": null,
        "emoji_status_expiration_date": null,
        "has_aggressive_anti_spam_enabled": null,
        "has_hidden_members": null,
        "has_private_forwards": null,
        "has_protected_content": null,
        "has_restricted_voice_and_video_messages": null,
        "has_visible_history": null,
        "invite_link": null,
        "join_by_request": null,
        "join_to_send_messages": null,
        "linked_chat_id": null,
        "location": null,
        "message_auto_delete_time": null,
        "permissions": null,
        "personal_chat": null,
        "photo": null,
        "pinned_message": null,
        "profile_accent_color_id": null,
        "profile_background_custom_emoji_id": null,
        "slow_mode_delay": null,
        "sticker_set_name": null,
        "unrestrict_boost_count": null
    },
    "message_thread_id": null,
    "from_user": {
        "id": 432629636,
        "is_bot": false,
        "first_name": "Aydar",
        "last_name": null,
        "username": "asaidar",
        "language_code": "ru",
        "is_premium": null,
        "added_to_attachment_menu": null,
        "can_join_groups": null,
        "can_read_all_group_messages": null,
        "supports_inline_queries": null,
        "can_connect_to_business": null,
        "has_main_web_app": null
    },
    "sender_chat": null,
    "sender_boost_count": null,
    "sender_business_bot": null,
    "business_connection_id": null,
    "forward_origin": null,
    "is_topic_message": null,
    "is_automatic_forward": null,
    "reply_to_message": null,
    "external_reply": null,
    "quote": null,
    "reply_to_story": null,
    "via_bot": null,
    "edit_date": null,
    "has_protected_content": null,
    "is_from_offline": null,
    "media_group_id": null,
    "author_signature": null,
    "text": null,
    "entities": null,
    "link_preview_options": null,
    "effect_id": null,
    "animation": null,
    "audio": null,
    "document": null,
    "paid_media": null,
    "photo": null,
    "sticker": null,
    "story": null,
    "video": null,
    "video_note": null,
    "voice": null,
    "caption": null,
    "caption_entities": null,
    "show_caption_above_media": null,
    "has_media_spoiler": null,
    "contact": null,
    "dice": null,
    "game": null,
    "poll": null,
    "venue": null,
    "location": null,
    "new_chat_members": null,
    "left_chat_member": null,
    "new_chat_title": null,
    "new_chat_photo": null,
    "delete_chat_photo": null,
    "group_chat_created": null,
    "supergroup_chat_created": null,
    "channel_chat_created": null,
    "message_auto_delete_timer_changed": null,
    "migrate_to_chat_id": null,
    "migrate_from_chat_id": null,
    "pinned_message": null,
    "invoice": null,
    "successful_payment": {
        "currency": "RUB",
        "total_amount": 10000,
        "invoice_payload": "d12954ac-078e-4ec1-85b0-06c2c3b63f32",
        "telegram_payment_charge_id": "7444575424_432629636_601680",
        "provider_payment_charge_id": "7444575424_432629636_601680",
        "subscription_expiration_date": null,
        "is_recurring": null,
        "is_first_recurring": null,
        "shipping_option_id": null,
        "order_info": null
    },
    "refunded_payment": null,
    "users_shared": null,
    "chat_shared": null,
    "connected_website": null,
    "write_access_allowed": null,
    "passport_data": null,
    "proximity_alert_triggered": null,
    "boost_added": null,
    "chat_background_set": null,
    "forum_topic_created": null,
    "forum_topic_edited": null,
    "forum_topic_closed": null,
    "forum_topic_reopened": null,
    "general_forum_topic_hidden": null,
    "general_forum_topic_unhidden": null,
    "giveaway_created": null,
    "giveaway": null,
    "giveaway_winners": null,
    "giveaway_completed": null,
    "video_chat_scheduled": null,
    "video_chat_started": null,
    "video_chat_ended": null,
    "video_chat_participants_invited": null,
    "web_app_data": null,
    "reply_markup": null,
    "forward_date": null,
    "forward_from": null,
    "forward_from_chat": null,
    "forward_from_message_id": null,
    "forward_sender_name": null,
    "forward_signature": null,
    "user_shared": null
}
2024-12-01 17:20:10,157 - __main__ - ERROR - Error processing successful payment: 'method_descriptor' object has no attribute 'today'
2024-12-01 17:20:10,240 - aiogram.event - INFO - Update id=659305035 is handled. Duration 90 ms by bot id=7444575424
2024-12-01 17:21:24,576 - aiogram.dispatcher - WARNING - Received SIGINT signal
2024-12-01 17:21:24,578 - aiogram.dispatcher - INFO - Polling stopped for bot @safe_net_vpnbot id=7444575424 - 'safe_net_vpn'
2024-12-01 17:21:24,578 - aiogram.dispatcher - INFO - Polling stopped
2024-12-01 17:21:26,812 - aiogram.dispatcher - INFO - Start polling
2024-12-01 17:21:27,083 - aiogram.dispatcher - INFO - Run polling for bot @safe_net_vpnbot id=7444575424 - 'safe_net_vpn'
2024-12-01 17:22:32,477 - aiogram.event - INFO - Update id=659305036 is handled. Duration 316 ms by bot id=7444575424
2024-12-01 17:22:34,352 - aiogram.event - INFO - Update id=659305037 is handled. Duration 93 ms by bot id=7444575424
2024-12-01 17:22:36,055 - aiogram.event - INFO - Update id=659305038 is handled. Duration 114 ms by bot id=7444575424
2024-12-01 17:22:41,242 - aiogram.event - INFO - Update id=659305039 is handled. Duration 120 ms by bot id=7444575424
2024-12-01 17:22:48,557 - __main__ - INFO - {
    "message_id": 604,
    "date": 1733062968,
    "chat": {
        "id": 432629636,
        "type": "private",
        "title": null,
        "username": "asaidar",
        "first_name": "Aydar",
        "last_name": null,
        "is_forum": null,
        "accent_color_id": null,
        "active_usernames": null,
        "available_reactions": null,
        "background_custom_emoji_id": null,
        "bio": null,
        "birthdate": null,
        "business_intro": null,
        "business_location": null,
        "business_opening_hours": null,
        "can_set_sticker_set": null,
        "custom_emoji_sticker_set_name": null,
        "description": null,
        "emoji_status_custom_emoji_id": null,
        "emoji_status_expiration_date": null,
        "has_aggressive_anti_spam_enabled": null,
        "has_hidden_members": null,
        "has_private_forwards": null,
        "has_protected_content": null,
        "has_restricted_voice_and_video_messages": null,
        "has_visible_history": null,
        "invite_link": null,
        "join_by_request": null,
        "join_to_send_messages": null,
        "linked_chat_id": null,
        "location": null,
        "message_auto_delete_time": null,
        "permissions": null,
        "personal_chat": null,
        "photo": null,
        "pinned_message": null,
        "profile_accent_color_id": null,
        "profile_background_custom_emoji_id": null,
        "slow_mode_delay": null,
        "sticker_set_name": null,
        "unrestrict_boost_count": null
    },
    "message_thread_id": null,
    "from_user": {
        "id": 432629636,
        "is_bot": false,
        "first_name": "Aydar",
        "last_name": null,
        "username": "asaidar",
        "language_code": "ru",
        "is_premium": null,
        "added_to_attachment_menu": null,
        "can_join_groups": null,
        "can_read_all_group_messages": null,
        "supports_inline_queries": null,
        "can_connect_to_business": null,
        "has_main_web_app": null
    },
    "sender_chat": null,
    "sender_boost_count": null,
    "sender_business_bot": null,
    "business_connection_id": null,
    "forward_origin": null,
    "is_topic_message": null,
    "is_automatic_forward": null,
    "reply_to_message": null,
    "external_reply": null,
    "quote": null,
    "reply_to_story": null,
    "via_bot": null,
    "edit_date": null,
    "has_protected_content": null,
    "is_from_offline": null,
    "media_group_id": null,
    "author_signature": null,
    "text": null,
    "entities": null,
    "link_preview_options": null,
    "effect_id": null,
    "animation": null,
    "audio": null,
    "document": null,
    "paid_media": null,
    "photo": null,
    "sticker": null,
    "story": null,
    "video": null,
    "video_note": null,
    "voice": null,
    "caption": null,
    "caption_entities": null,
    "show_caption_above_media": null,
    "has_media_spoiler": null,
    "contact": null,
    "dice": null,
    "game": null,
    "poll": null,
    "venue": null,
    "location": null,
    "new_chat_members": null,
    "left_chat_member": null,
    "new_chat_title": null,
    "new_chat_photo": null,
    "delete_chat_photo": null,
    "group_chat_created": null,
    "supergroup_chat_created": null,
    "channel_chat_created": null,
    "message_auto_delete_timer_changed": null,
    "migrate_to_chat_id": null,
    "migrate_from_chat_id": null,
    "pinned_message": null,
    "invoice": null,
    "successful_payment": {
        "currency": "RUB",
        "total_amount": 10000,
        "invoice_payload": "f5a238e9-d31f-48ce-b999-dcdde1833efa",
        "telegram_payment_charge_id": "7444575424_432629636_601690",
        "provider_payment_charge_id": "7444575424_432629636_601690",
        "subscription_expiration_date": null,
        "is_recurring": null,
        "is_first_recurring": null,
        "shipping_option_id": null,
        "order_info": null
    },
    "refunded_payment": null,
    "users_shared": null,
    "chat_shared": null,
    "connected_website": null,
    "write_access_allowed": null,
    "passport_data": null,
    "proximity_alert_triggered": null,
    "boost_added": null,
    "chat_background_set": null,
    "forum_topic_created": null,
    "forum_topic_edited": null,
    "forum_topic_closed": null,
    "forum_topic_reopened": null,
    "general_forum_topic_hidden": null,
    "general_forum_topic_unhidden": null,
    "giveaway_created": null,
    "giveaway": null,
    "giveaway_winners": null,
    "giveaway_completed": null,
    "video_chat_scheduled": null,
    "video_chat_started": null,
    "video_chat_ended": null,
    "video_chat_participants_invited": null,
    "web_app_data": null,
    "reply_markup": null,
    "forward_date": null,
    "forward_from": null,
    "forward_from_chat": null,
    "forward_from_message_id": null,
    "forward_sender_name": null,
    "forward_signature": null,
    "user_shared": null
}
2024-12-01 17:22:48,774 - __main__ - INFO - Key created: OutlineKey(key_id='4326296362024-12-01 17:22:48.561951', name='user 432629636 Key 2024-12-01 17:22:48.561972 ', password='0w2gMM46JaOfp7cG4j8nFG', port=20669, method='chacha20-ietf-poly1305', access_url='ss://Y2hhY2hhMjAtaWV0Zi1wb2x5MTMwNTowdzJnTU00NkphT2ZwN2NHNGo4bkZH@5.35.38.7:20669/?outline=1', used_bytes=0, data_limit=214748364800) for user 432629636
2024-12-01 17:22:48,993 - aiogram.event - INFO - Update id=659305040 is handled. Duration 437 ms by bot id=7444575424
2024-12-01 17:29:55,592 - aiogram.dispatcher - WARNING - Received SIGINT signal
2024-12-01 17:29:55,596 - aiogram.dispatcher - INFO - Polling stopped for bot @safe_net_vpnbot id=7444575424 - 'safe_net_vpn'
2024-12-01 17:29:55,596 - aiogram.dispatcher - INFO - Polling stopped
2024-12-01 17:43:24,436 - aiogram.dispatcher - INFO - Start polling
2024-12-01 17:43:25,239 - aiogram.dispatcher - INFO - Run polling for bot @safe_net_vpnbot id=7444575424 - 'safe_net_vpn'
2024-12-01 17:43:25,322 - aiogram.event - INFO - Update id=659305041 is not handled. Duration 0 ms by bot id=7444575424
2024-12-01 17:43:25,323 - aiogram.event - ERROR - Cause exception while process update id=659305041 by bot id=7444575424
NameError: name 'key' is not defined
Traceback (most recent call last):
  File "/Users/aydar/Desktop/VPN_2/LISA/venv/lib/python3.12/site-packages/aiogram/dispatcher/dispatcher.py", line 309, in _process_update
    response = await self.feed_update(bot, update, **kwargs)
               ^^^^^^^^^^^^^^^^^^^^^^^^^^^^^^^^^^^^^^^^^^^^^
  File "/Users/aydar/Desktop/VPN_2/LISA/venv/lib/python3.12/site-packages/aiogram/dispatcher/dispatcher.py", line 158, in feed_update
    response = await self.update.wrap_outer_middleware(
               ^^^^^^^^^^^^^^^^^^^^^^^^^^^^^^^^^^^^^^^^
  File "/Users/aydar/Desktop/VPN_2/LISA/venv/lib/python3.12/site-packages/aiogram/dispatcher/middlewares/error.py", line 25, in __call__
    return await handler(event, data)
           ^^^^^^^^^^^^^^^^^^^^^^^^^^
  File "/Users/aydar/Desktop/VPN_2/LISA/venv/lib/python3.12/site-packages/aiogram/dispatcher/middlewares/user_context.py", line 56, in __call__
    return await handler(event, data)
           ^^^^^^^^^^^^^^^^^^^^^^^^^^
  File "/Users/aydar/Desktop/VPN_2/LISA/venv/lib/python3.12/site-packages/aiogram/fsm/middleware.py", line 42, in __call__
    return await handler(event, data)
           ^^^^^^^^^^^^^^^^^^^^^^^^^^
  File "/Users/aydar/Desktop/VPN_2/LISA/venv/lib/python3.12/site-packages/aiogram/dispatcher/event/telegram.py", line 121, in trigger
    return await wrapped_inner(event, kwargs)
           ^^^^^^^^^^^^^^^^^^^^^^^^^^^^^^^^^^
  File "/Users/aydar/Desktop/VPN_2/LISA/venv/lib/python3.12/site-packages/aiogram/dispatcher/event/handler.py", line 43, in call
    return await wrapped()
           ^^^^^^^^^^^^^^^
  File "/Users/aydar/Desktop/VPN_2/LISA/venv/lib/python3.12/site-packages/aiogram/dispatcher/dispatcher.py", line 276, in _listen_update
    return await self.propagate_event(update_type=update_type, event=event, **kwargs)
           ^^^^^^^^^^^^^^^^^^^^^^^^^^^^^^^^^^^^^^^^^^^^^^^^^^^^^^^^^^^^^^^^^^^^^^^^^^
  File "/Users/aydar/Desktop/VPN_2/LISA/venv/lib/python3.12/site-packages/aiogram/dispatcher/router.py", line 146, in propagate_event
    return await observer.wrap_outer_middleware(_wrapped, event=event, data=kwargs)
           ^^^^^^^^^^^^^^^^^^^^^^^^^^^^^^^^^^^^^^^^^^^^^^^^^^^^^^^^^^^^^^^^^^^^^^^^
  File "/Users/aydar/Desktop/VPN_2/LISA/venv/lib/python3.12/site-packages/aiogram/dispatcher/router.py", line 141, in _wrapped
    return await self._propagate_event(
           ^^^^^^^^^^^^^^^^^^^^^^^^^^^^
  File "/Users/aydar/Desktop/VPN_2/LISA/venv/lib/python3.12/site-packages/aiogram/dispatcher/router.py", line 166, in _propagate_event
    response = await observer.trigger(event, **kwargs)
               ^^^^^^^^^^^^^^^^^^^^^^^^^^^^^^^^^^^^^^^
  File "/Users/aydar/Desktop/VPN_2/LISA/venv/lib/python3.12/site-packages/aiogram/dispatcher/event/telegram.py", line 121, in trigger
    return await wrapped_inner(event, kwargs)
           ^^^^^^^^^^^^^^^^^^^^^^^^^^^^^^^^^^
  File "/Users/aydar/Desktop/VPN_2/LISA/venv/lib/python3.12/site-packages/aiogram/dispatcher/event/handler.py", line 43, in call
    return await wrapped()
           ^^^^^^^^^^^^^^^
  File "/Users/aydar/Desktop/VPN_2/LISA/src/main.py", line 139, in send_installation_instructions
    f"   - URL: `{key['access_url']}`\n"
                  ^^^
NameError: name 'key' is not defined
2024-12-01 17:49:00,359 - aiogram.dispatcher - WARNING - Received SIGINT signal
2024-12-01 17:49:00,363 - aiogram.dispatcher - INFO - Polling stopped for bot @safe_net_vpnbot id=7444575424 - 'safe_net_vpn'
2024-12-01 17:49:00,363 - aiogram.dispatcher - INFO - Polling stopped
2024-12-01 17:49:03,226 - aiogram.dispatcher - INFO - Start polling
2024-12-01 17:49:03,455 - aiogram.dispatcher - INFO - Run polling for bot @safe_net_vpnbot id=7444575424 - 'safe_net_vpn'
2024-12-01 17:49:06,150 - aiogram.event - INFO - Update id=659305042 is handled. Duration 300 ms by bot id=7444575424
2024-12-01 17:49:07,266 - aiogram.event - INFO - Update id=659305043 is handled. Duration 132 ms by bot id=7444575424
2024-12-01 17:49:08,547 - aiogram.event - INFO - Update id=659305044 is handled. Duration 224 ms by bot id=7444575424
2024-12-01 17:49:11,453 - aiogram.event - INFO - Update id=659305045 is handled. Duration 74 ms by bot id=7444575424
2024-12-01 17:49:18,470 - __main__ - INFO - {
    "message_id": 610,
    "date": 1733064558,
    "chat": {
        "id": 432629636,
        "type": "private",
        "title": null,
        "username": "asaidar",
        "first_name": "Aydar",
        "last_name": null,
        "is_forum": null,
        "accent_color_id": null,
        "active_usernames": null,
        "available_reactions": null,
        "background_custom_emoji_id": null,
        "bio": null,
        "birthdate": null,
        "business_intro": null,
        "business_location": null,
        "business_opening_hours": null,
        "can_set_sticker_set": null,
        "custom_emoji_sticker_set_name": null,
        "description": null,
        "emoji_status_custom_emoji_id": null,
        "emoji_status_expiration_date": null,
        "has_aggressive_anti_spam_enabled": null,
        "has_hidden_members": null,
        "has_private_forwards": null,
        "has_protected_content": null,
        "has_restricted_voice_and_video_messages": null,
        "has_visible_history": null,
        "invite_link": null,
        "join_by_request": null,
        "join_to_send_messages": null,
        "linked_chat_id": null,
        "location": null,
        "message_auto_delete_time": null,
        "permissions": null,
        "personal_chat": null,
        "photo": null,
        "pinned_message": null,
        "profile_accent_color_id": null,
        "profile_background_custom_emoji_id": null,
        "slow_mode_delay": null,
        "sticker_set_name": null,
        "unrestrict_boost_count": null
    },
    "message_thread_id": null,
    "from_user": {
        "id": 432629636,
        "is_bot": false,
        "first_name": "Aydar",
        "last_name": null,
        "username": "asaidar",
        "language_code": "ru",
        "is_premium": null,
        "added_to_attachment_menu": null,
        "can_join_groups": null,
        "can_read_all_group_messages": null,
        "supports_inline_queries": null,
        "can_connect_to_business": null,
        "has_main_web_app": null
    },
    "sender_chat": null,
    "sender_boost_count": null,
    "sender_business_bot": null,
    "business_connection_id": null,
    "forward_origin": null,
    "is_topic_message": null,
    "is_automatic_forward": null,
    "reply_to_message": null,
    "external_reply": null,
    "quote": null,
    "reply_to_story": null,
    "via_bot": null,
    "edit_date": null,
    "has_protected_content": null,
    "is_from_offline": null,
    "media_group_id": null,
    "author_signature": null,
    "text": null,
    "entities": null,
    "link_preview_options": null,
    "effect_id": null,
    "animation": null,
    "audio": null,
    "document": null,
    "paid_media": null,
    "photo": null,
    "sticker": null,
    "story": null,
    "video": null,
    "video_note": null,
    "voice": null,
    "caption": null,
    "caption_entities": null,
    "show_caption_above_media": null,
    "has_media_spoiler": null,
    "contact": null,
    "dice": null,
    "game": null,
    "poll": null,
    "venue": null,
    "location": null,
    "new_chat_members": null,
    "left_chat_member": null,
    "new_chat_title": null,
    "new_chat_photo": null,
    "delete_chat_photo": null,
    "group_chat_created": null,
    "supergroup_chat_created": null,
    "channel_chat_created": null,
    "message_auto_delete_timer_changed": null,
    "migrate_to_chat_id": null,
    "migrate_from_chat_id": null,
    "pinned_message": null,
    "invoice": null,
    "successful_payment": {
        "currency": "RUB",
        "total_amount": 10000,
        "invoice_payload": "6dea1823-8ac8-49c8-b143-538599bf7340",
        "telegram_payment_charge_id": "7444575424_432629636_601732",
        "provider_payment_charge_id": "7444575424_432629636_601732",
        "subscription_expiration_date": null,
        "is_recurring": null,
        "is_first_recurring": null,
        "shipping_option_id": null,
        "order_info": null
    },
    "refunded_payment": null,
    "users_shared": null,
    "chat_shared": null,
    "connected_website": null,
    "write_access_allowed": null,
    "passport_data": null,
    "proximity_alert_triggered": null,
    "boost_added": null,
    "chat_background_set": null,
    "forum_topic_created": null,
    "forum_topic_edited": null,
    "forum_topic_closed": null,
    "forum_topic_reopened": null,
    "general_forum_topic_hidden": null,
    "general_forum_topic_unhidden": null,
    "giveaway_created": null,
    "giveaway": null,
    "giveaway_winners": null,
    "giveaway_completed": null,
    "video_chat_scheduled": null,
    "video_chat_started": null,
    "video_chat_ended": null,
    "video_chat_participants_invited": null,
    "web_app_data": null,
    "reply_markup": null,
    "forward_date": null,
    "forward_from": null,
    "forward_from_chat": null,
    "forward_from_message_id": null,
    "forward_sender_name": null,
    "forward_signature": null,
    "user_shared": null
}
2024-12-01 17:49:18,693 - __main__ - INFO - Key created: OutlineKey(key_id='4326296362024-12-01 17:49:18.474916', name='user 432629636 Key 2024-12-01 17:49:18.474939 ', password='A7EJY4cJat1ppcSENwztBU', port=20669, method='chacha20-ietf-poly1305', access_url='ss://Y2hhY2hhMjAtaWV0Zi1wb2x5MTMwNTpBN0VKWTRjSmF0MXBwY1NFTnd6dEJV@5.35.38.7:20669/?outline=1', used_bytes=0, data_limit=214748364800) for user 432629636
2024-12-01 17:49:18,815 - aiogram.event - INFO - Update id=659305046 is handled. Duration 347 ms by bot id=7444575424
2024-12-01 17:49:24,563 - aiogram.event - INFO - Update id=659305047 is handled. Duration 225 ms by bot id=7444575424
2024-12-01 17:51:04,637 - aiogram.dispatcher - WARNING - Received SIGINT signal
2024-12-01 17:51:04,640 - aiogram.dispatcher - INFO - Polling stopped for bot @safe_net_vpnbot id=7444575424 - 'safe_net_vpn'
2024-12-01 17:51:04,641 - aiogram.dispatcher - INFO - Polling stopped
2024-12-01 17:51:07,083 - aiogram.dispatcher - INFO - Start polling
2024-12-01 17:51:07,250 - aiogram.dispatcher - INFO - Run polling for bot @safe_net_vpnbot id=7444575424 - 'safe_net_vpn'
2024-12-01 17:51:09,400 - aiogram.event - INFO - Update id=659305048 is handled. Duration 209 ms by bot id=7444575424
2024-12-01 17:51:10,561 - aiogram.event - INFO - Update id=659305049 is handled. Duration 91 ms by bot id=7444575424
2024-12-01 17:51:11,943 - aiogram.event - INFO - Update id=659305050 is handled. Duration 122 ms by bot id=7444575424
2024-12-01 17:51:15,075 - aiogram.event - INFO - Update id=659305051 is handled. Duration 169 ms by bot id=7444575424
2024-12-01 17:51:23,483 - __main__ - INFO - {
    "message_id": 617,
    "date": 1733064683,
    "chat": {
        "id": 432629636,
        "type": "private",
        "title": null,
        "username": "asaidar",
        "first_name": "Aydar",
        "last_name": null,
        "is_forum": null,
        "accent_color_id": null,
        "active_usernames": null,
        "available_reactions": null,
        "background_custom_emoji_id": null,
        "bio": null,
        "birthdate": null,
        "business_intro": null,
        "business_location": null,
        "business_opening_hours": null,
        "can_set_sticker_set": null,
        "custom_emoji_sticker_set_name": null,
        "description": null,
        "emoji_status_custom_emoji_id": null,
        "emoji_status_expiration_date": null,
        "has_aggressive_anti_spam_enabled": null,
        "has_hidden_members": null,
        "has_private_forwards": null,
        "has_protected_content": null,
        "has_restricted_voice_and_video_messages": null,
        "has_visible_history": null,
        "invite_link": null,
        "join_by_request": null,
        "join_to_send_messages": null,
        "linked_chat_id": null,
        "location": null,
        "message_auto_delete_time": null,
        "permissions": null,
        "personal_chat": null,
        "photo": null,
        "pinned_message": null,
        "profile_accent_color_id": null,
        "profile_background_custom_emoji_id": null,
        "slow_mode_delay": null,
        "sticker_set_name": null,
        "unrestrict_boost_count": null
    },
    "message_thread_id": null,
    "from_user": {
        "id": 432629636,
        "is_bot": false,
        "first_name": "Aydar",
        "last_name": null,
        "username": "asaidar",
        "language_code": "ru",
        "is_premium": null,
        "added_to_attachment_menu": null,
        "can_join_groups": null,
        "can_read_all_group_messages": null,
        "supports_inline_queries": null,
        "can_connect_to_business": null,
        "has_main_web_app": null
    },
    "sender_chat": null,
    "sender_boost_count": null,
    "sender_business_bot": null,
    "business_connection_id": null,
    "forward_origin": null,
    "is_topic_message": null,
    "is_automatic_forward": null,
    "reply_to_message": null,
    "external_reply": null,
    "quote": null,
    "reply_to_story": null,
    "via_bot": null,
    "edit_date": null,
    "has_protected_content": null,
    "is_from_offline": null,
    "media_group_id": null,
    "author_signature": null,
    "text": null,
    "entities": null,
    "link_preview_options": null,
    "effect_id": null,
    "animation": null,
    "audio": null,
    "document": null,
    "paid_media": null,
    "photo": null,
    "sticker": null,
    "story": null,
    "video": null,
    "video_note": null,
    "voice": null,
    "caption": null,
    "caption_entities": null,
    "show_caption_above_media": null,
    "has_media_spoiler": null,
    "contact": null,
    "dice": null,
    "game": null,
    "poll": null,
    "venue": null,
    "location": null,
    "new_chat_members": null,
    "left_chat_member": null,
    "new_chat_title": null,
    "new_chat_photo": null,
    "delete_chat_photo": null,
    "group_chat_created": null,
    "supergroup_chat_created": null,
    "channel_chat_created": null,
    "message_auto_delete_timer_changed": null,
    "migrate_to_chat_id": null,
    "migrate_from_chat_id": null,
    "pinned_message": null,
    "invoice": null,
    "successful_payment": {
        "currency": "RUB",
        "total_amount": 10000,
        "invoice_payload": "c21bff39-496c-4fbd-ac97-6d742117d7e4",
        "telegram_payment_charge_id": "7444575424_432629636_601739",
        "provider_payment_charge_id": "7444575424_432629636_601739",
        "subscription_expiration_date": null,
        "is_recurring": null,
        "is_first_recurring": null,
        "shipping_option_id": null,
        "order_info": null
    },
    "refunded_payment": null,
    "users_shared": null,
    "chat_shared": null,
    "connected_website": null,
    "write_access_allowed": null,
    "passport_data": null,
    "proximity_alert_triggered": null,
    "boost_added": null,
    "chat_background_set": null,
    "forum_topic_created": null,
    "forum_topic_edited": null,
    "forum_topic_closed": null,
    "forum_topic_reopened": null,
    "general_forum_topic_hidden": null,
    "general_forum_topic_unhidden": null,
    "giveaway_created": null,
    "giveaway": null,
    "giveaway_winners": null,
    "giveaway_completed": null,
    "video_chat_scheduled": null,
    "video_chat_started": null,
    "video_chat_ended": null,
    "video_chat_participants_invited": null,
    "web_app_data": null,
    "reply_markup": null,
    "forward_date": null,
    "forward_from": null,
    "forward_from_chat": null,
    "forward_from_message_id": null,
    "forward_sender_name": null,
    "forward_signature": null,
    "user_shared": null
}
2024-12-01 17:51:23,714 - __main__ - INFO - Key created: OutlineKey(key_id='4326296362024-12-01 17:51:23.488058', name='user 432629636 Key 2024-12-01 17:51:23.488084 ', password='AYJ9y61XsndCnH7GKsAzvq', port=20669, method='chacha20-ietf-poly1305', access_url='ss://Y2hhY2hhMjAtaWV0Zi1wb2x5MTMwNTpBWUo5eTYxWHNuZENuSDdHS3NBenZx@5.35.38.7:20669/?outline=1', used_bytes=0, data_limit=214748364800) for user 432629636
2024-12-01 17:51:23,821 - aiogram.event - INFO - Update id=659305052 is handled. Duration 340 ms by bot id=7444575424
2024-12-01 17:51:30,496 - aiogram.event - INFO - Update id=659305053 is not handled. Duration 2 ms by bot id=7444575424
2024-12-01 17:51:30,496 - aiogram.event - ERROR - Cause exception while process update id=659305053 by bot id=7444575424
ValidationError: 1 validation error for SendMessage
text
  Input should be a valid string [type=string_type, input_value=(' ...! '), input_type=tuple]
    For further information visit https://errors.pydantic.dev/2.9/v/string_type
Traceback (most recent call last):
  File "/Users/aydar/Desktop/VPN_2/LISA/venv/lib/python3.12/site-packages/aiogram/dispatcher/dispatcher.py", line 309, in _process_update
    response = await self.feed_update(bot, update, **kwargs)
               ^^^^^^^^^^^^^^^^^^^^^^^^^^^^^^^^^^^^^^^^^^^^^
  File "/Users/aydar/Desktop/VPN_2/LISA/venv/lib/python3.12/site-packages/aiogram/dispatcher/dispatcher.py", line 158, in feed_update
    response = await self.update.wrap_outer_middleware(
               ^^^^^^^^^^^^^^^^^^^^^^^^^^^^^^^^^^^^^^^^
  File "/Users/aydar/Desktop/VPN_2/LISA/venv/lib/python3.12/site-packages/aiogram/dispatcher/middlewares/error.py", line 25, in __call__
    return await handler(event, data)
           ^^^^^^^^^^^^^^^^^^^^^^^^^^
  File "/Users/aydar/Desktop/VPN_2/LISA/venv/lib/python3.12/site-packages/aiogram/dispatcher/middlewares/user_context.py", line 56, in __call__
    return await handler(event, data)
           ^^^^^^^^^^^^^^^^^^^^^^^^^^
  File "/Users/aydar/Desktop/VPN_2/LISA/venv/lib/python3.12/site-packages/aiogram/fsm/middleware.py", line 42, in __call__
    return await handler(event, data)
           ^^^^^^^^^^^^^^^^^^^^^^^^^^
  File "/Users/aydar/Desktop/VPN_2/LISA/venv/lib/python3.12/site-packages/aiogram/dispatcher/event/telegram.py", line 121, in trigger
    return await wrapped_inner(event, kwargs)
           ^^^^^^^^^^^^^^^^^^^^^^^^^^^^^^^^^^
  File "/Users/aydar/Desktop/VPN_2/LISA/venv/lib/python3.12/site-packages/aiogram/dispatcher/event/handler.py", line 43, in call
    return await wrapped()
           ^^^^^^^^^^^^^^^
  File "/Users/aydar/Desktop/VPN_2/LISA/venv/lib/python3.12/site-packages/aiogram/dispatcher/dispatcher.py", line 276, in _listen_update
    return await self.propagate_event(update_type=update_type, event=event, **kwargs)
           ^^^^^^^^^^^^^^^^^^^^^^^^^^^^^^^^^^^^^^^^^^^^^^^^^^^^^^^^^^^^^^^^^^^^^^^^^^
  File "/Users/aydar/Desktop/VPN_2/LISA/venv/lib/python3.12/site-packages/aiogram/dispatcher/router.py", line 146, in propagate_event
    return await observer.wrap_outer_middleware(_wrapped, event=event, data=kwargs)
           ^^^^^^^^^^^^^^^^^^^^^^^^^^^^^^^^^^^^^^^^^^^^^^^^^^^^^^^^^^^^^^^^^^^^^^^^
  File "/Users/aydar/Desktop/VPN_2/LISA/venv/lib/python3.12/site-packages/aiogram/dispatcher/router.py", line 141, in _wrapped
    return await self._propagate_event(
           ^^^^^^^^^^^^^^^^^^^^^^^^^^^^
  File "/Users/aydar/Desktop/VPN_2/LISA/venv/lib/python3.12/site-packages/aiogram/dispatcher/router.py", line 166, in _propagate_event
    response = await observer.trigger(event, **kwargs)
               ^^^^^^^^^^^^^^^^^^^^^^^^^^^^^^^^^^^^^^^
  File "/Users/aydar/Desktop/VPN_2/LISA/venv/lib/python3.12/site-packages/aiogram/dispatcher/event/telegram.py", line 121, in trigger
    return await wrapped_inner(event, kwargs)
           ^^^^^^^^^^^^^^^^^^^^^^^^^^^^^^^^^^
  File "/Users/aydar/Desktop/VPN_2/LISA/venv/lib/python3.12/site-packages/aiogram/dispatcher/event/handler.py", line 43, in call
    return await wrapped()
           ^^^^^^^^^^^^^^^
  File "/Users/aydar/Desktop/VPN_2/LISA/src/main.py", line 144, in send_installation_instructions
    await callback.message.answer(instructions, parse_mode="Markdown", disable_web_page_preview=True)
          ^^^^^^^^^^^^^^^^^^^^^^^^^^^^^^^^^^^^^^^^^^^^^^^^^^^^^^^^^^^^^^^^^^^^^^^^^^^^^^^^^^^^^^^^^^^
  File "/Users/aydar/Desktop/VPN_2/LISA/venv/lib/python3.12/site-packages/aiogram/types/message.py", line 2091, in answer
    return SendMessage(
           ^^^^^^^^^^^^
  File "/Users/aydar/Desktop/VPN_2/LISA/venv/lib/python3.12/site-packages/pydantic/main.py", line 212, in __init__
    validated_self = self.__pydantic_validator__.validate_python(data, self_instance=self)
                     ^^^^^^^^^^^^^^^^^^^^^^^^^^^^^^^^^^^^^^^^^^^^^^^^^^^^^^^^^^^^^^^^^^^^^
pydantic_core._pydantic_core.ValidationError: 1 validation error for SendMessage
text
  Input should be a valid string [type=string_type, input_value=(' ...! '), input_type=tuple]
    For further information visit https://errors.pydantic.dev/2.9/v/string_type
2024-12-01 17:51:52,675 - aiogram.dispatcher - ERROR - Failed to fetch updates - TelegramConflictError: Telegram server says - Conflict: terminated by other getUpdates request; make sure that only one bot instance is running
2024-12-01 17:51:52,676 - aiogram.dispatcher - WARNING - Sleep for 1.000000 seconds and try again... (tryings = 0, bot id = 7444575424)
2024-12-01 17:51:58,002 - aiogram.dispatcher - ERROR - Failed to fetch updates - TelegramConflictError: Telegram server says - Conflict: terminated by other getUpdates request; make sure that only one bot instance is running
2024-12-01 17:51:58,003 - aiogram.dispatcher - WARNING - Sleep for 1.403397 seconds and try again... (tryings = 1, bot id = 7444575424)
2024-12-01 17:52:01,529 - aiogram.dispatcher - INFO - Connection established (tryings = 2, bot id = 7444575424)
2024-12-01 17:52:01,732 - aiogram.event - INFO - Update id=659305054 is handled. Duration 200 ms by bot id=7444575424
2024-12-01 17:52:03,464 - aiogram.event - INFO - Update id=659305055 is handled. Duration 152 ms by bot id=7444575424
2024-12-01 17:52:03,622 - aiogram.dispatcher - ERROR - Failed to fetch updates - TelegramConflictError: Telegram server says - Conflict: terminated by other getUpdates request; make sure that only one bot instance is running
2024-12-01 17:52:03,622 - aiogram.dispatcher - WARNING - Sleep for 1.000000 seconds and try again... (tryings = 0, bot id = 7444575424)
2024-12-01 17:52:04,966 - aiogram.dispatcher - INFO - Connection established (tryings = 1, bot id = 7444575424)
2024-12-01 17:52:05,238 - aiogram.event - INFO - Update id=659305056 is handled. Duration 270 ms by bot id=7444575424
2024-12-01 17:52:09,300 - aiogram.dispatcher - ERROR - Failed to fetch updates - TelegramConflictError: Telegram server says - Conflict: terminated by other getUpdates request; make sure that only one bot instance is running
2024-12-01 17:52:09,301 - aiogram.dispatcher - WARNING - Sleep for 1.000000 seconds and try again... (tryings = 0, bot id = 7444575424)
2024-12-01 17:52:14,481 - aiogram.dispatcher - WARNING - Received SIGINT signal
2024-12-01 17:52:14,483 - aiogram.dispatcher - INFO - Polling stopped for bot @safe_net_vpnbot id=7444575424 - 'safe_net_vpn'
2024-12-01 17:52:14,483 - aiogram.dispatcher - INFO - Polling stopped
2024-12-01 17:52:17,119 - aiogram.dispatcher - INFO - Start polling
2024-12-01 17:52:17,587 - aiogram.dispatcher - INFO - Run polling for bot @safe_net_vpnbot id=7444575424 - 'safe_net_vpn'
2024-12-01 17:52:21,894 - aiogram.event - INFO - Update id=659305057 is handled. Duration 287 ms by bot id=7444575424
2024-12-01 17:52:22,906 - aiogram.event - INFO - Update id=659305058 is handled. Duration 176 ms by bot id=7444575424
2024-12-01 17:52:23,144 - aiogram.dispatcher - ERROR - Failed to fetch updates - TelegramConflictError: Telegram server says - Conflict: terminated by other getUpdates request; make sure that only one bot instance is running
2024-12-01 17:52:23,144 - aiogram.dispatcher - WARNING - Sleep for 1.000000 seconds and try again... (tryings = 0, bot id = 7444575424)
2024-12-01 17:52:28,273 - aiogram.dispatcher - ERROR - Failed to fetch updates - TelegramConflictError: Telegram server says - Conflict: terminated by other getUpdates request; make sure that only one bot instance is running
2024-12-01 17:52:28,274 - aiogram.dispatcher - WARNING - Sleep for 1.185059 seconds and try again... (tryings = 1, bot id = 7444575424)
2024-12-01 17:52:31,741 - aiogram.dispatcher - INFO - Connection established (tryings = 2, bot id = 7444575424)
2024-12-01 17:52:31,879 - aiogram.event - INFO - Update id=659305060 is handled. Duration 136 ms by bot id=7444575424
2024-12-01 17:52:32,694 - aiogram.event - INFO - Update id=659305061 is handled. Duration 104 ms by bot id=7444575424
2024-12-01 17:52:34,057 - aiogram.dispatcher - ERROR - Failed to fetch updates - TelegramConflictError: Telegram server says - Conflict: terminated by other getUpdates request; make sure that only one bot instance is running
2024-12-01 17:52:34,058 - aiogram.dispatcher - WARNING - Sleep for 1.000000 seconds and try again... (tryings = 0, bot id = 7444575424)
2024-12-01 17:52:39,270 - aiogram.dispatcher - ERROR - Failed to fetch updates - TelegramConflictError: Telegram server says - Conflict: terminated by other getUpdates request; make sure that only one bot instance is running
2024-12-01 17:52:39,270 - aiogram.dispatcher - WARNING - Sleep for 1.400959 seconds and try again... (tryings = 1, bot id = 7444575424)
2024-12-01 17:52:41,525 - aiogram.dispatcher - INFO - Connection established (tryings = 2, bot id = 7444575424)
2024-12-01 17:52:41,528 - aiogram.event - INFO - Update id=659305063 is not handled. Duration 0 ms by bot id=7444575424
2024-12-01 17:52:45,117 - aiogram.dispatcher - ERROR - Failed to fetch updates - TelegramConflictError: Telegram server says - Conflict: terminated by other getUpdates request; make sure that only one bot instance is running
2024-12-01 17:52:45,118 - aiogram.dispatcher - WARNING - Sleep for 1.000000 seconds and try again... (tryings = 0, bot id = 7444575424)
2024-12-01 17:52:50,848 - aiogram.dispatcher - ERROR - Failed to fetch updates - TelegramConflictError: Telegram server says - Conflict: terminated by other getUpdates request; make sure that only one bot instance is running
2024-12-01 17:52:50,850 - aiogram.dispatcher - WARNING - Sleep for 1.379692 seconds and try again... (tryings = 1, bot id = 7444575424)
2024-12-01 17:52:57,568 - aiogram.dispatcher - ERROR - Failed to fetch updates - TelegramConflictError: Telegram server says - Conflict: terminated by other getUpdates request; make sure that only one bot instance is running
2024-12-01 17:52:57,569 - aiogram.dispatcher - WARNING - Sleep for 2.074459 seconds and try again... (tryings = 2, bot id = 7444575424)
2024-12-01 17:53:00,068 - aiogram.dispatcher - INFO - Connection established (tryings = 3, bot id = 7444575424)
2024-12-01 17:53:00,348 - aiogram.event - INFO - Update id=659305064 is handled. Duration 278 ms by bot id=7444575424
2024-12-01 17:53:01,279 - aiogram.event - INFO - Update id=659305065 is handled. Duration 225 ms by bot id=7444575424
2024-12-01 17:53:02,480 - aiogram.event - INFO - Update id=659305066 is handled. Duration 111 ms by bot id=7444575424
2024-12-01 17:53:03,506 - aiogram.event - INFO - Update id=659305067 is handled. Duration 130 ms by bot id=7444575424
2024-12-01 17:53:05,647 - aiogram.dispatcher - ERROR - Failed to fetch updates - TelegramConflictError: Telegram server says - Conflict: terminated by other getUpdates request; make sure that only one bot instance is running
2024-12-01 17:53:05,648 - aiogram.dispatcher - WARNING - Sleep for 1.000000 seconds and try again... (tryings = 0, bot id = 7444575424)
2024-12-01 17:53:10,776 - aiogram.dispatcher - ERROR - Failed to fetch updates - TelegramConflictError: Telegram server says - Conflict: terminated by other getUpdates request; make sure that only one bot instance is running
2024-12-01 17:53:10,777 - aiogram.dispatcher - WARNING - Sleep for 1.185058 seconds and try again... (tryings = 1, bot id = 7444575424)
2024-12-01 17:53:12,925 - aiogram.dispatcher - INFO - Connection established (tryings = 2, bot id = 7444575424)
2024-12-01 17:53:12,927 - __main__ - INFO - {
    "message_id": 633,
    "date": 1733064792,
    "chat": {
        "id": 432629636,
        "type": "private",
        "title": null,
        "username": "asaidar",
        "first_name": "Aydar",
        "last_name": null,
        "is_forum": null,
        "accent_color_id": null,
        "active_usernames": null,
        "available_reactions": null,
        "background_custom_emoji_id": null,
        "bio": null,
        "birthdate": null,
        "business_intro": null,
        "business_location": null,
        "business_opening_hours": null,
        "can_set_sticker_set": null,
        "custom_emoji_sticker_set_name": null,
        "description": null,
        "emoji_status_custom_emoji_id": null,
        "emoji_status_expiration_date": null,
        "has_aggressive_anti_spam_enabled": null,
        "has_hidden_members": null,
        "has_private_forwards": null,
        "has_protected_content": null,
        "has_restricted_voice_and_video_messages": null,
        "has_visible_history": null,
        "invite_link": null,
        "join_by_request": null,
        "join_to_send_messages": null,
        "linked_chat_id": null,
        "location": null,
        "message_auto_delete_time": null,
        "permissions": null,
        "personal_chat": null,
        "photo": null,
        "pinned_message": null,
        "profile_accent_color_id": null,
        "profile_background_custom_emoji_id": null,
        "slow_mode_delay": null,
        "sticker_set_name": null,
        "unrestrict_boost_count": null
    },
    "message_thread_id": null,
    "from_user": {
        "id": 432629636,
        "is_bot": false,
        "first_name": "Aydar",
        "last_name": null,
        "username": "asaidar",
        "language_code": "ru",
        "is_premium": null,
        "added_to_attachment_menu": null,
        "can_join_groups": null,
        "can_read_all_group_messages": null,
        "supports_inline_queries": null,
        "can_connect_to_business": null,
        "has_main_web_app": null
    },
    "sender_chat": null,
    "sender_boost_count": null,
    "sender_business_bot": null,
    "business_connection_id": null,
    "forward_origin": null,
    "is_topic_message": null,
    "is_automatic_forward": null,
    "reply_to_message": null,
    "external_reply": null,
    "quote": null,
    "reply_to_story": null,
    "via_bot": null,
    "edit_date": null,
    "has_protected_content": null,
    "is_from_offline": null,
    "media_group_id": null,
    "author_signature": null,
    "text": null,
    "entities": null,
    "link_preview_options": null,
    "effect_id": null,
    "animation": null,
    "audio": null,
    "document": null,
    "paid_media": null,
    "photo": null,
    "sticker": null,
    "story": null,
    "video": null,
    "video_note": null,
    "voice": null,
    "caption": null,
    "caption_entities": null,
    "show_caption_above_media": null,
    "has_media_spoiler": null,
    "contact": null,
    "dice": null,
    "game": null,
    "poll": null,
    "venue": null,
    "location": null,
    "new_chat_members": null,
    "left_chat_member": null,
    "new_chat_title": null,
    "new_chat_photo": null,
    "delete_chat_photo": null,
    "group_chat_created": null,
    "supergroup_chat_created": null,
    "channel_chat_created": null,
    "message_auto_delete_timer_changed": null,
    "migrate_to_chat_id": null,
    "migrate_from_chat_id": null,
    "pinned_message": null,
    "invoice": null,
    "successful_payment": {
        "currency": "RUB",
        "total_amount": 10000,
        "invoice_payload": "5322f598-bcf8-49d7-8809-d178fa784f9b",
        "telegram_payment_charge_id": "7444575424_432629636_601750",
        "provider_payment_charge_id": "7444575424_432629636_601750",
        "subscription_expiration_date": null,
        "is_recurring": null,
        "is_first_recurring": null,
        "shipping_option_id": null,
        "order_info": null
    },
    "refunded_payment": null,
    "users_shared": null,
    "chat_shared": null,
    "connected_website": null,
    "write_access_allowed": null,
    "passport_data": null,
    "proximity_alert_triggered": null,
    "boost_added": null,
    "chat_background_set": null,
    "forum_topic_created": null,
    "forum_topic_edited": null,
    "forum_topic_closed": null,
    "forum_topic_reopened": null,
    "general_forum_topic_hidden": null,
    "general_forum_topic_unhidden": null,
    "giveaway_created": null,
    "giveaway": null,
    "giveaway_winners": null,
    "giveaway_completed": null,
    "video_chat_scheduled": null,
    "video_chat_started": null,
    "video_chat_ended": null,
    "video_chat_participants_invited": null,
    "web_app_data": null,
    "reply_markup": null,
    "forward_date": null,
    "forward_from": null,
    "forward_from_chat": null,
    "forward_from_message_id": null,
    "forward_sender_name": null,
    "forward_signature": null,
    "user_shared": null
}
2024-12-01 17:53:13,143 - __main__ - INFO - Key created: OutlineKey(key_id='4326296362024-12-01 17:53:12.932729', name='user 432629636 Key 2024-12-01 17:53:12.932761 ', password='bfm4kZhO1MeQZU9to3DXYD', port=20669, method='chacha20-ietf-poly1305', access_url='ss://Y2hhY2hhMjAtaWV0Zi1wb2x5MTMwNTpiZm00a1poTzFNZVFaVTl0bzNEWFlE@5.35.38.7:20669/?outline=1', used_bytes=0, data_limit=214748364800) for user 432629636
2024-12-01 17:53:13,248 - aiogram.event - INFO - Update id=659305069 is handled. Duration 322 ms by bot id=7444575424
2024-12-01 17:53:19,040 - aiogram.event - INFO - Update id=659305070 is handled. Duration 221 ms by bot id=7444575424
2024-12-01 17:53:36,877 - aiogram.dispatcher - WARNING - Received SIGINT signal
2024-12-01 17:53:36,878 - aiogram.dispatcher - INFO - Polling stopped for bot @safe_net_vpnbot id=7444575424 - 'safe_net_vpn'
2024-12-01 17:53:36,879 - aiogram.dispatcher - INFO - Polling stopped
